2025-11-20 08:20:28,372 - src.web.server - INFO - Starting bot...
2025-11-20 08:20:29,569 - src.web.server - INFO - Webhook set: https://5cfd79a6a0b7.ngrok-free.app/tg/webhook
2025-11-20 08:21:11,155 - src.bot.middlewares - INFO - Message received: user_id=436680563, chat_id=436680563, text=/start
2025-11-20 08:21:22,333 - src.services.users - INFO - New user created: telegram_id=436680563, bonus=5.0
2025-11-20 08:21:24,336 - src.bot.middlewares - INFO - Request processed in 13.181s
2025-11-20 08:21:24,558 - src.bot.middlewares - INFO - Message received: user_id=436680563, chat_id=436680563, text=/start
2025-11-20 08:21:25,671 - src.bot.middlewares - INFO - Request processed in 1.113s
2025-11-20 08:21:39,651 - src.bot.middlewares - INFO - Message received: user_id=436680563, chat_id=436680563, text=üì∏ –£–ª—É—á—à–∏—Ç—å —Ñ–æ—Ç–æ
2025-11-20 08:21:41,329 - src.bot.middlewares - INFO - Request processed in 1.678s
2025-11-20 08:22:01,252 - src.bot.middlewares - INFO - Message received: user_id=436680563, chat_id=436680563, text=<no text>
2025-11-20 08:22:02,795 - src.bot.middlewares - INFO - Request processed in 1.543s
2025-11-20 08:22:10,809 - src.bot.middlewares - INFO - Callback received: user_id=436680563, data=img_model:enhance_standard
2025-11-20 08:22:12,236 - src.services.generation - INFO - Image task enqueued: task_id=1
2025-11-20 08:22:12,450 - src.bot.routers.image - INFO - Image task created: task_id=1, user=436680563, model=enhance_standard
2025-11-20 08:22:12,452 - src.bot.middlewares - INFO - Request processed in 1.642s
2025-11-20 08:23:42,508 - src.bot.middlewares - INFO - Message received: user_id=436680563, chat_id=436680563, text=üé¨ –£–ª—É—á—à–∏—Ç—å –≤–∏–¥–µ–æ
2025-11-20 08:23:46,096 - src.bot.middlewares - INFO - Request processed in 3.588s
2025-11-20 08:25:06,582 - src.bot.middlewares - INFO - Message received: user_id=436680563, chat_id=436680563, text=<no text>
2025-11-20 08:25:08,116 - src.bot.middlewares - INFO - Request processed in 1.535s
2025-11-20 08:25:35,189 - src.bot.middlewares - INFO - Callback received: user_id=436680563, data=vid_model:proteus_4x
2025-11-20 08:25:39,413 - src.bot.middlewares - INFO - Request processed in 4.224s
2025-11-20 08:25:48,057 - src.bot.middlewares - INFO - Message received: user_id=436680563, chat_id=436680563, text=/buy
2025-11-20 08:25:49,445 - src.bot.middlewares - INFO - Request processed in 1.388s
2025-11-20 08:26:02,920 - src.bot.middlewares - INFO - Callback received: user_id=436680563, data=buy:small
2025-11-20 08:26:04,390 - src.bot.middlewares - INFO - Request processed in 1.470s
2025-11-20 08:26:05,392 - src.bot.middlewares - INFO - Callback received: user_id=436680563, data=pay_yoo:small
2025-11-20 08:26:05,830 - src.bot.routers.payment - INFO - üí≥ YooKassa payment initiated: user=436680563
2025-11-20 08:26:06,952 - src.bot.middlewares - INFO - Request processed in 1.560s
2025-11-20 08:26:07,658 - src.bot.middlewares - INFO - Callback received: user_id=436680563, data=no_receipt:small
2025-11-20 08:26:08,094 - src.bot.routers.payment - INFO - üìß No receipt requested: user=436680563
2025-11-20 08:26:10,112 - src.services.payments - INFO - YooKassa payment created: user_id=1, payment_id=30b0e461-000f-5000-b000-1b0921416540, amount=99
2025-11-20 08:26:10,701 - src.bot.routers.payment - INFO - ‚úÖ YooKassa payment created (no receipt): user=436680563, amount=99
2025-11-20 08:26:11,253 - src.bot.middlewares - INFO - Request processed in 3.595s
2025-11-20 08:31:50,304 - src.bot.middlewares - INFO - Message received: user_id=436680563, chat_id=436680563, text=üí∞ –ë–∞–ª–∞–Ω—Å
2025-11-20 08:31:52,595 - src.bot.middlewares - INFO - Request processed in 2.290s
2025-11-20 08:31:55,627 - src.bot.middlewares - INFO - Message received: user_id=436680563, chat_id=436680563, text=üí≥ –ü–æ–ø–æ–ª–Ω–∏—Ç—å
2025-11-20 08:31:56,814 - src.bot.middlewares - INFO - Request processed in 1.188s
2025-11-20 08:31:59,041 - src.bot.middlewares - INFO - Callback received: user_id=436680563, data=buy:xlarge
2025-11-20 08:32:00,661 - src.bot.middlewares - INFO - Request processed in 1.620s
2025-11-20 08:32:01,936 - src.bot.middlewares - INFO - Callback received: user_id=436680563, data=pay_yoo:xlarge
2025-11-20 08:32:02,372 - src.bot.routers.payment - INFO - üí≥ YooKassa payment initiated: user=436680563
2025-11-20 08:32:03,417 - src.bot.middlewares - INFO - Request processed in 1.481s
2025-11-20 08:32:04,416 - src.bot.middlewares - INFO - Callback received: user_id=436680563, data=no_receipt:xlarge
2025-11-20 08:32:04,854 - src.bot.routers.payment - INFO - üìß No receipt requested: user=436680563
2025-11-20 08:32:06,078 - src.services.payments - INFO - YooKassa payment created: user_id=1, payment_id=30b0e5c5-000f-5001-8000-184c02ecee8d, amount=599
2025-11-20 08:32:06,870 - src.bot.routers.payment - INFO - ‚úÖ YooKassa payment created (no receipt): user=436680563, amount=599
2025-11-20 08:32:07,308 - src.bot.middlewares - INFO - Request processed in 2.892s
2025-11-20 08:32:07,520 - src.bot.middlewares - INFO - Callback received: user_id=436680563, data=no_receipt:xlarge
2025-11-20 08:32:07,958 - src.bot.routers.payment - INFO - üìß No receipt requested: user=436680563
2025-11-20 08:32:09,159 - src.services.payments - INFO - YooKassa payment created: user_id=1, payment_id=30b0e5c8-000f-5000-8000-17c8af55d558, amount=599
2025-11-20 08:32:09,784 - src.bot.routers.payment - INFO - ‚úÖ YooKassa payment created (no receipt): user=436680563, amount=599
2025-11-20 08:32:10,219 - src.bot.middlewares - INFO - Request processed in 2.699s
2025-11-20 08:33:46,698 - src.bot.middlewares - INFO - Message received: user_id=436680563, chat_id=436680563, text=üí≥ –ü–æ–ø–æ–ª–Ω–∏—Ç—å
2025-11-20 08:33:48,332 - src.bot.middlewares - INFO - Request processed in 1.634s
2025-11-20 08:33:49,229 - src.bot.middlewares - INFO - Callback received: user_id=436680563, data=buy:small
2025-11-20 08:33:50,557 - src.bot.middlewares - INFO - Request processed in 1.328s
2025-11-20 08:33:50,871 - src.bot.middlewares - INFO - Callback received: user_id=436680563, data=pay_yoo:small
2025-11-20 08:33:51,304 - src.bot.routers.payment - INFO - üí≥ YooKassa payment initiated: user=436680563
2025-11-20 08:33:52,163 - src.bot.middlewares - INFO - Request processed in 1.292s
2025-11-20 08:33:53,401 - src.bot.middlewares - INFO - Callback received: user_id=436680563, data=no_receipt:small
2025-11-20 08:33:53,841 - src.bot.routers.payment - INFO - üìß No receipt requested: user=436680563
2025-11-20 08:33:55,077 - src.services.payments - INFO - YooKassa payment created: user_id=1, payment_id=30b0e632-000f-5000-b000-14d895662036, amount=99
2025-11-20 08:33:55,550 - src.bot.routers.payment - INFO - ‚úÖ YooKassa payment created (no receipt): user=436680563, amount=99
2025-11-20 08:33:55,987 - src.bot.middlewares - INFO - Request processed in 2.586s
2025-11-20 08:37:55,236 - src.bot.middlewares - INFO - Message received: user_id=436680563, chat_id=436680563, text=üé¨ –£–ª—É—á—à–∏—Ç—å –≤–∏–¥–µ–æ
2025-11-20 08:37:57,148 - src.bot.middlewares - INFO - Request processed in 1.912s
2025-11-20 08:38:45,087 - src.bot.middlewares - INFO - Message received: user_id=436680563, chat_id=436680563, text=<no text>
2025-11-20 08:38:46,768 - src.bot.middlewares - INFO - Request processed in 1.681s
2025-11-20 08:38:54,822 - src.bot.middlewares - INFO - Callback received: user_id=436680563, data=vid_model:proteus_4x
2025-11-20 08:38:56,167 - src.services.generation - INFO - Video task enqueued: task_id=2
2025-11-20 08:38:56,369 - src.bot.routers.video - INFO - Video task created: task_id=2, user=436680563, model=proteus_4x, cost=5
2025-11-20 08:38:56,369 - src.bot.middlewares - INFO - Request processed in 1.547s
2025-11-20 08:44:22,689 - src.web.server - INFO - Stopping bot...
2025-11-20 08:44:23,804 - src.web.server - INFO - Bot stopped
2025-11-20 08:45:17,709 - src.web.server - INFO - Starting bot...
2025-11-20 08:45:18,811 - src.web.server - INFO - Webhook set: https://5cfd79a6a0b7.ngrok-free.app/tg/webhook
2025-11-20 08:45:33,602 - src.bot.middlewares - INFO - Message received: user_id=436680563, chat_id=436680563, text=üé¨ –£–ª—É—á—à–∏—Ç—å –≤–∏–¥–µ–æ
2025-11-20 08:45:45,513 - src.bot.middlewares - INFO - Request processed in 11.911s
2025-11-20 08:46:36,061 - src.bot.middlewares - INFO - Message received: user_id=436680563, chat_id=436680563, text=<no text>
2025-11-20 08:46:37,683 - src.bot.middlewares - INFO - Request processed in 1.622s
2025-11-20 08:46:41,234 - src.bot.middlewares - INFO - Callback received: user_id=436680563, data=vid_model:proteus_4x
2025-11-20 08:46:42,628 - src.services.generation - INFO - Video task enqueued: task_id=3
2025-11-20 08:46:42,856 - src.bot.routers.video - INFO - Video task created: task_id=3, user=436680563, model=proteus_4x, cost=5
2025-11-20 08:46:42,857 - src.bot.middlewares - INFO - Request processed in 1.622s
2025-11-20 08:48:01,008 - src.bot.middlewares - INFO - Message received: user_id=436680563, chat_id=436680563, text=/buy
2025-11-20 08:48:02,661 - src.bot.middlewares - INFO - Request processed in 1.653s
2025-11-20 08:48:04,787 - src.bot.middlewares - INFO - Callback received: user_id=436680563, data=cancel
2025-11-20 08:48:06,074 - src.bot.middlewares - INFO - Request processed in 1.287s
2025-11-20 08:48:10,088 - src.bot.middlewares - INFO - Message received: user_id=436680563, chat_id=436680563, text=/bots
2025-11-20 08:48:11,346 - src.bot.middlewares - INFO - Request processed in 1.259s
2025-11-20 08:48:22,098 - src.bot.middlewares - INFO - Message received: user_id=436680563, chat_id=436680563, text=/broadcast
2025-11-20 08:48:23,207 - src.bot.middlewares - INFO - Request processed in 1.109s
2025-11-20 08:48:29,007 - src.bot.middlewares - INFO - Message received: user_id=436680563, chat_id=436680563, text=–¢–µ—Å—Ç
2025-11-20 08:48:39,142 - src.bot.middlewares - INFO - Request processed in 10.135s
2025-11-20 08:48:39,355 - src.bot.middlewares - INFO - Message received: user_id=436680563, chat_id=436680563, text=/stats
2025-11-20 08:48:41,312 - src.bot.middlewares - INFO - Request processed in 1.957s
2025-11-20 08:48:48,633 - src.bot.middlewares - INFO - Message received: user_id=436680563, chat_id=436680563, text=/stats
2025-11-20 08:48:51,072 - src.bot.middlewares - INFO - Request processed in 2.439s
2025-11-20 08:49:23,211 - src.bot.middlewares - INFO - Message received: user_id=436680563, chat_id=436680563, text=/start
2025-11-20 08:53:16,482 - src.bot.middlewares - INFO - Request processed in 233.271s
2025-11-20 08:54:15,415 - src.bot.middlewares - INFO - Message received: user_id=436680563, chat_id=436680563, text=‚ÑπÔ∏è –ü–æ–º–æ—â—å
2025-11-20 08:54:23,722 - src.bot.middlewares - INFO - Request processed in 8.307s
2025-11-20 08:55:50,949 - src.bot.middlewares - INFO - Message received: user_id=436680563, chat_id=436680563, text=üé¨ –£–ª—É—á—à–∏—Ç—å –≤–∏–¥–µ–æ
2025-11-20 08:55:52,794 - src.bot.middlewares - INFO - Request processed in 1.844s
2025-11-20 08:56:50,564 - src.bot.middlewares - INFO - Message received: user_id=436680563, chat_id=436680563, text=<no text>
2025-11-20 08:56:52,835 - src.bot.middlewares - INFO - Request processed in 2.271s
2025-11-20 08:56:54,356 - src.bot.middlewares - INFO - Callback received: user_id=436680563, data=vid_model:proteus_4x
2025-11-20 08:56:55,933 - src.services.generation - INFO - Video task enqueued: task_id=4
2025-11-20 08:56:56,229 - src.bot.routers.video - INFO - Video task created: task_id=4, user=436680563, model=proteus_4x, cost=5
2025-11-20 08:56:56,229 - src.bot.middlewares - INFO - Request processed in 1.874s
2025-11-20 09:05:47,952 - src.web.server - INFO - Stopping bot...
2025-11-20 09:05:48,857 - src.web.server - INFO - Bot stopped
2025-11-20 09:06:48,594 - src.web.server - INFO - Starting bot...
2025-11-20 09:06:49,899 - src.web.server - INFO - Webhook set: https://5cfd79a6a0b7.ngrok-free.app/tg/webhook
2025-11-20 09:06:51,498 - src.bot.middlewares - INFO - Message received: user_id=436680563, chat_id=436680563, text=/start
2025-11-20 09:07:02,294 - src.bot.middlewares - INFO - Request processed in 10.796s
2025-11-20 09:07:02,517 - src.bot.middlewares - INFO - Message received: user_id=436680563, chat_id=436680563, text=üé¨ –£–ª—É—á—à–∏—Ç—å –≤–∏–¥–µ–æ
2025-11-20 09:07:03,717 - src.bot.middlewares - INFO - Request processed in 1.200s
2025-11-20 09:07:14,069 - src.bot.middlewares - INFO - Message received: user_id=436680563, chat_id=436680563, text=<no text>
2025-11-20 09:07:15,221 - src.bot.middlewares - INFO - Request processed in 1.152s
2025-11-20 09:07:16,550 - src.bot.middlewares - INFO - Callback received: user_id=436680563, data=vid_model:proteus_4x
2025-11-20 09:07:18,629 - src.services.generation - INFO - Video task enqueued: task_id=5
2025-11-20 09:07:18,877 - src.bot.routers.video - INFO - Video task created: task_id=5, user=436680563, model=proteus_4x, cost=5
2025-11-20 09:07:18,879 - src.bot.middlewares - INFO - Request processed in 2.329s
2025-11-20 09:07:56,959 - src.bot.middlewares - INFO - Message received: user_id=436680563, chat_id=436680563, text=/buy
2025-11-20 09:07:58,848 - src.bot.middlewares - INFO - Request processed in 1.889s
2025-11-20 09:07:59,404 - src.bot.middlewares - INFO - Message received: user_id=436680563, chat_id=436680563, text=/bots
2025-11-20 09:08:00,745 - src.bot.middlewares - INFO - Request processed in 1.341s
2025-11-20 09:08:01,318 - src.bot.middlewares - INFO - Message received: user_id=436680563, chat_id=436680563, text=/help
2025-11-20 09:08:02,863 - src.bot.middlewares - INFO - Request processed in 1.544s
2025-11-20 10:36:17,882 - src.bot.middlewares - INFO - Message received: user_id=436680563, chat_id=436680563, text=/start
2025-11-20 10:36:27,311 - src.bot.middlewares - INFO - Request processed in 9.429s
2025-11-20 10:36:28,990 - src.bot.middlewares - INFO - Message received: user_id=436680563, chat_id=436680563, text=üì∏ –£–ª—É—á—à–∏—Ç—å —Ñ–æ—Ç–æ
2025-11-20 10:36:30,619 - src.bot.middlewares - INFO - Request processed in 1.629s
2025-11-20 10:36:43,013 - src.bot.middlewares - INFO - Message received: user_id=436680563, chat_id=436680563, text=<no text>
2025-11-20 10:36:44,227 - src.bot.middlewares - INFO - Request processed in 1.214s
2025-11-20 10:36:53,186 - src.bot.middlewares - INFO - Callback received: user_id=436680563, data=img_model:enhance_high_fidelity
2025-11-20 10:36:54,513 - src.services.generation - INFO - Image task enqueued: task_id=6
2025-11-20 10:36:54,728 - src.bot.routers.image - INFO - Image task created: task_id=6, user=436680563, model=enhance_high_fidelity
2025-11-20 10:36:54,729 - src.bot.middlewares - INFO - Request processed in 1.543s
2025-11-20 10:38:07,153 - src.bot.middlewares - INFO - Message received: user_id=436680563, chat_id=436680563, text=üì∏ –£–ª—É—á—à–∏—Ç—å —Ñ–æ—Ç–æ
2025-11-20 10:38:09,380 - src.bot.middlewares - ERROR - Error in handler, rolled back: HTTP Client says - ClientConnectorError: Cannot connect to host api.telegram.org:443 ssl:default [None]
Traceback (most recent call last):
  File "/usr/local/lib/python3.11/site-packages/aiohttp/connector.py", line 992, in _wrap_create_connection
    return await self._loop.create_connection(*args, **kwargs)
           ^^^^^^^^^^^^^^^^^^^^^^^^^^^^^^^^^^^^^^^^^^^^^^^^^^^
  File "/usr/local/lib/python3.11/asyncio/base_events.py", line 1113, in create_connection
    transport, protocol = await self._create_connection_transport(
                          ^^^^^^^^^^^^^^^^^^^^^^^^^^^^^^^^^^^^^^^^
  File "/usr/local/lib/python3.11/asyncio/base_events.py", line 1146, in _create_connection_transport
    await waiter
  File "/usr/local/lib/python3.11/asyncio/sslproto.py", line 578, in _on_handshake_complete
    raise handshake_exc
ConnectionResetError

The above exception was the direct cause of the following exception:

Traceback (most recent call last):
  File "/usr/local/lib/python3.11/site-packages/aiogram/client/session/aiohttp.py", line 181, in make_request
    async with session.post(
  File "/usr/local/lib/python3.11/site-packages/aiohttp/client.py", line 1187, in __aenter__
    self._resp = await self._coro
                 ^^^^^^^^^^^^^^^^
  File "/usr/local/lib/python3.11/site-packages/aiohttp/client.py", line 574, in _request
    conn = await self._connector.connect(
           ^^^^^^^^^^^^^^^^^^^^^^^^^^^^^^
  File "/usr/local/lib/python3.11/site-packages/aiohttp/connector.py", line 544, in connect
    proto = await self._create_connection(req, traces, timeout)
            ^^^^^^^^^^^^^^^^^^^^^^^^^^^^^^^^^^^^^^^^^^^^^^^^^^^
  File "/usr/local/lib/python3.11/site-packages/aiohttp/connector.py", line 911, in _create_connection
    _, proto = await self._create_direct_connection(req, traces, timeout)
               ^^^^^^^^^^^^^^^^^^^^^^^^^^^^^^^^^^^^^^^^^^^^^^^^^^^^^^^^^^
  File "/usr/local/lib/python3.11/site-packages/aiohttp/connector.py", line 1235, in _create_direct_connection
    raise last_exc
  File "/usr/local/lib/python3.11/site-packages/aiohttp/connector.py", line 1204, in _create_direct_connection
    transp, proto = await self._wrap_create_connection(
                    ^^^^^^^^^^^^^^^^^^^^^^^^^^^^^^^^^^^
  File "/usr/local/lib/python3.11/site-packages/aiohttp/connector.py", line 1000, in _wrap_create_connection
    raise client_error(req.connection_key, exc) from exc
aiohttp.client_exceptions.ClientConnectorError: Cannot connect to host api.telegram.org:443 ssl:default [None]

During handling of the above exception, another exception occurred:

Traceback (most recent call last):
  File "/app/src/bot/middlewares.py", line 32, in __call__
    result = await handler(event, data)
             ^^^^^^^^^^^^^^^^^^^^^^^^^^
  File "/app/src/bot/middlewares.py", line 95, in __call__
    return await handler(event, data)
           ^^^^^^^^^^^^^^^^^^^^^^^^^^
  File "/app/src/bot/middlewares.py", line 136, in __call__
    return await handler(event, data)
           ^^^^^^^^^^^^^^^^^^^^^^^^^^
  File "/usr/local/lib/python3.11/site-packages/aiogram/dispatcher/event/handler.py", line 43, in call
    return await wrapped()
           ^^^^^^^^^^^^^^^
  File "/app/src/bot/routers/image.py", line 20, in image_enhance_start
    await message.answer(
  File "/usr/local/lib/python3.11/site-packages/aiogram/methods/base.py", line 84, in emit
    return await bot(self)
           ^^^^^^^^^^^^^^^
  File "/usr/local/lib/python3.11/site-packages/aiogram/client/bot.py", line 487, in __call__
    return await self.session(self, method, timeout=request_timeout)
           ^^^^^^^^^^^^^^^^^^^^^^^^^^^^^^^^^^^^^^^^^^^^^^^^^^^^^^^^^
  File "/usr/local/lib/python3.11/site-packages/aiogram/client/session/base.py", line 254, in __call__
    return cast(TelegramType, await middleware(bot, method))
                              ^^^^^^^^^^^^^^^^^^^^^^^^^^^^^
  File "/usr/local/lib/python3.11/site-packages/aiogram/client/session/aiohttp.py", line 188, in make_request
    raise TelegramNetworkError(method=method, message=f"{type(e).__name__}: {e}")
aiogram.exceptions.TelegramNetworkError: HTTP Client says - ClientConnectorError: Cannot connect to host api.telegram.org:443 ssl:default [None]
2025-11-20 10:38:09,418 - src.bot.middlewares - ERROR - Error processing request (took 2.265s): HTTP Client says - ClientConnectorError: Cannot connect to host api.telegram.org:443 ssl:default [None]
Traceback (most recent call last):
  File "/usr/local/lib/python3.11/site-packages/aiohttp/connector.py", line 992, in _wrap_create_connection
    return await self._loop.create_connection(*args, **kwargs)
           ^^^^^^^^^^^^^^^^^^^^^^^^^^^^^^^^^^^^^^^^^^^^^^^^^^^
  File "/usr/local/lib/python3.11/asyncio/base_events.py", line 1113, in create_connection
    transport, protocol = await self._create_connection_transport(
                          ^^^^^^^^^^^^^^^^^^^^^^^^^^^^^^^^^^^^^^^^
  File "/usr/local/lib/python3.11/asyncio/base_events.py", line 1146, in _create_connection_transport
    await waiter
  File "/usr/local/lib/python3.11/asyncio/sslproto.py", line 578, in _on_handshake_complete
    raise handshake_exc
ConnectionResetError

The above exception was the direct cause of the following exception:

Traceback (most recent call last):
  File "/usr/local/lib/python3.11/site-packages/aiogram/client/session/aiohttp.py", line 181, in make_request
    async with session.post(
  File "/usr/local/lib/python3.11/site-packages/aiohttp/client.py", line 1187, in __aenter__
    self._resp = await self._coro
                 ^^^^^^^^^^^^^^^^
  File "/usr/local/lib/python3.11/site-packages/aiohttp/client.py", line 574, in _request
    conn = await self._connector.connect(
           ^^^^^^^^^^^^^^^^^^^^^^^^^^^^^^
  File "/usr/local/lib/python3.11/site-packages/aiohttp/connector.py", line 544, in connect
    proto = await self._create_connection(req, traces, timeout)
            ^^^^^^^^^^^^^^^^^^^^^^^^^^^^^^^^^^^^^^^^^^^^^^^^^^^
  File "/usr/local/lib/python3.11/site-packages/aiohttp/connector.py", line 911, in _create_connection
    _, proto = await self._create_direct_connection(req, traces, timeout)
               ^^^^^^^^^^^^^^^^^^^^^^^^^^^^^^^^^^^^^^^^^^^^^^^^^^^^^^^^^^
  File "/usr/local/lib/python3.11/site-packages/aiohttp/connector.py", line 1235, in _create_direct_connection
    raise last_exc
  File "/usr/local/lib/python3.11/site-packages/aiohttp/connector.py", line 1204, in _create_direct_connection
    transp, proto = await self._wrap_create_connection(
                    ^^^^^^^^^^^^^^^^^^^^^^^^^^^^^^^^^^^
  File "/usr/local/lib/python3.11/site-packages/aiohttp/connector.py", line 1000, in _wrap_create_connection
    raise client_error(req.connection_key, exc) from exc
aiohttp.client_exceptions.ClientConnectorError: Cannot connect to host api.telegram.org:443 ssl:default [None]

During handling of the above exception, another exception occurred:

Traceback (most recent call last):
  File "/app/src/bot/middlewares.py", line 176, in __call__
    result = await handler(event, data)
             ^^^^^^^^^^^^^^^^^^^^^^^^^^
  File "/app/src/bot/middlewares.py", line 256, in __call__
    return await handler(event, data)
           ^^^^^^^^^^^^^^^^^^^^^^^^^^
  File "/app/src/bot/middlewares.py", line 32, in __call__
    result = await handler(event, data)
             ^^^^^^^^^^^^^^^^^^^^^^^^^^
  File "/app/src/bot/middlewares.py", line 95, in __call__
    return await handler(event, data)
           ^^^^^^^^^^^^^^^^^^^^^^^^^^
  File "/app/src/bot/middlewares.py", line 136, in __call__
    return await handler(event, data)
           ^^^^^^^^^^^^^^^^^^^^^^^^^^
  File "/usr/local/lib/python3.11/site-packages/aiogram/dispatcher/event/handler.py", line 43, in call
    return await wrapped()
           ^^^^^^^^^^^^^^^
  File "/app/src/bot/routers/image.py", line 20, in image_enhance_start
    await message.answer(
  File "/usr/local/lib/python3.11/site-packages/aiogram/methods/base.py", line 84, in emit
    return await bot(self)
           ^^^^^^^^^^^^^^^
  File "/usr/local/lib/python3.11/site-packages/aiogram/client/bot.py", line 487, in __call__
    return await self.session(self, method, timeout=request_timeout)
           ^^^^^^^^^^^^^^^^^^^^^^^^^^^^^^^^^^^^^^^^^^^^^^^^^^^^^^^^^
  File "/usr/local/lib/python3.11/site-packages/aiogram/client/session/base.py", line 254, in __call__
    return cast(TelegramType, await middleware(bot, method))
                              ^^^^^^^^^^^^^^^^^^^^^^^^^^^^^
  File "/usr/local/lib/python3.11/site-packages/aiogram/client/session/aiohttp.py", line 188, in make_request
    raise TelegramNetworkError(method=method, message=f"{type(e).__name__}: {e}")
aiogram.exceptions.TelegramNetworkError: HTTP Client says - ClientConnectorError: Cannot connect to host api.telegram.org:443 ssl:default [None]
2025-11-20 10:38:09,420 - src.bot.middlewares - ERROR - Unhandled error: HTTP Client says - ClientConnectorError: Cannot connect to host api.telegram.org:443 ssl:default [None]
Traceback (most recent call last):
  File "/usr/local/lib/python3.11/site-packages/aiohttp/connector.py", line 992, in _wrap_create_connection
    return await self._loop.create_connection(*args, **kwargs)
           ^^^^^^^^^^^^^^^^^^^^^^^^^^^^^^^^^^^^^^^^^^^^^^^^^^^
  File "/usr/local/lib/python3.11/asyncio/base_events.py", line 1113, in create_connection
    transport, protocol = await self._create_connection_transport(
                          ^^^^^^^^^^^^^^^^^^^^^^^^^^^^^^^^^^^^^^^^
  File "/usr/local/lib/python3.11/asyncio/base_events.py", line 1146, in _create_connection_transport
    await waiter
  File "/usr/local/lib/python3.11/asyncio/sslproto.py", line 578, in _on_handshake_complete
    raise handshake_exc
ConnectionResetError

The above exception was the direct cause of the following exception:

Traceback (most recent call last):
  File "/usr/local/lib/python3.11/site-packages/aiogram/client/session/aiohttp.py", line 181, in make_request
    async with session.post(
  File "/usr/local/lib/python3.11/site-packages/aiohttp/client.py", line 1187, in __aenter__
    self._resp = await self._coro
                 ^^^^^^^^^^^^^^^^
  File "/usr/local/lib/python3.11/site-packages/aiohttp/client.py", line 574, in _request
    conn = await self._connector.connect(
           ^^^^^^^^^^^^^^^^^^^^^^^^^^^^^^
  File "/usr/local/lib/python3.11/site-packages/aiohttp/connector.py", line 544, in connect
    proto = await self._create_connection(req, traces, timeout)
            ^^^^^^^^^^^^^^^^^^^^^^^^^^^^^^^^^^^^^^^^^^^^^^^^^^^
  File "/usr/local/lib/python3.11/site-packages/aiohttp/connector.py", line 911, in _create_connection
    _, proto = await self._create_direct_connection(req, traces, timeout)
               ^^^^^^^^^^^^^^^^^^^^^^^^^^^^^^^^^^^^^^^^^^^^^^^^^^^^^^^^^^
  File "/usr/local/lib/python3.11/site-packages/aiohttp/connector.py", line 1235, in _create_direct_connection
    raise last_exc
  File "/usr/local/lib/python3.11/site-packages/aiohttp/connector.py", line 1204, in _create_direct_connection
    transp, proto = await self._wrap_create_connection(
                    ^^^^^^^^^^^^^^^^^^^^^^^^^^^^^^^^^^^
  File "/usr/local/lib/python3.11/site-packages/aiohttp/connector.py", line 1000, in _wrap_create_connection
    raise client_error(req.connection_key, exc) from exc
aiohttp.client_exceptions.ClientConnectorError: Cannot connect to host api.telegram.org:443 ssl:default [None]

During handling of the above exception, another exception occurred:

Traceback (most recent call last):
  File "/app/src/bot/middlewares.py", line 299, in __call__
    return await handler(event, data)
           ^^^^^^^^^^^^^^^^^^^^^^^^^^
  File "/usr/local/lib/python3.11/site-packages/aiogram/dispatcher/router.py", line 141, in _wrapped
    return await self._propagate_event(
           ^^^^^^^^^^^^^^^^^^^^^^^^^^^^
  File "/usr/local/lib/python3.11/site-packages/aiogram/dispatcher/router.py", line 174, in _propagate_event
    response = await router.propagate_event(update_type=update_type, event=event, **kwargs)
               ^^^^^^^^^^^^^^^^^^^^^^^^^^^^^^^^^^^^^^^^^^^^^^^^^^^^^^^^^^^^^^^^^^^^^^^^^^^^
  File "/usr/local/lib/python3.11/site-packages/aiogram/dispatcher/router.py", line 146, in propagate_event
    return await observer.wrap_outer_middleware(_wrapped, event=event, data=kwargs)
           ^^^^^^^^^^^^^^^^^^^^^^^^^^^^^^^^^^^^^^^^^^^^^^^^^^^^^^^^^^^^^^^^^^^^^^^^
  File "/usr/local/lib/python3.11/site-packages/aiogram/dispatcher/router.py", line 141, in _wrapped
    return await self._propagate_event(
           ^^^^^^^^^^^^^^^^^^^^^^^^^^^^
  File "/usr/local/lib/python3.11/site-packages/aiogram/dispatcher/router.py", line 174, in _propagate_event
    response = await router.propagate_event(update_type=update_type, event=event, **kwargs)
               ^^^^^^^^^^^^^^^^^^^^^^^^^^^^^^^^^^^^^^^^^^^^^^^^^^^^^^^^^^^^^^^^^^^^^^^^^^^^
  File "/usr/local/lib/python3.11/site-packages/aiogram/dispatcher/router.py", line 146, in propagate_event
    return await observer.wrap_outer_middleware(_wrapped, event=event, data=kwargs)
           ^^^^^^^^^^^^^^^^^^^^^^^^^^^^^^^^^^^^^^^^^^^^^^^^^^^^^^^^^^^^^^^^^^^^^^^^
  File "/usr/local/lib/python3.11/site-packages/aiogram/dispatcher/router.py", line 141, in _wrapped
    return await self._propagate_event(
           ^^^^^^^^^^^^^^^^^^^^^^^^^^^^
  File "/usr/local/lib/python3.11/site-packages/aiogram/dispatcher/router.py", line 166, in _propagate_event
    response = await observer.trigger(event, **kwargs)
               ^^^^^^^^^^^^^^^^^^^^^^^^^^^^^^^^^^^^^^^
  File "/usr/local/lib/python3.11/site-packages/aiogram/dispatcher/event/telegram.py", line 121, in trigger
    return await wrapped_inner(event, kwargs)
           ^^^^^^^^^^^^^^^^^^^^^^^^^^^^^^^^^^
  File "/app/src/bot/middlewares.py", line 176, in __call__
    result = await handler(event, data)
             ^^^^^^^^^^^^^^^^^^^^^^^^^^
  File "/app/src/bot/middlewares.py", line 256, in __call__
    return await handler(event, data)
           ^^^^^^^^^^^^^^^^^^^^^^^^^^
  File "/app/src/bot/middlewares.py", line 32, in __call__
    result = await handler(event, data)
             ^^^^^^^^^^^^^^^^^^^^^^^^^^
  File "/app/src/bot/middlewares.py", line 95, in __call__
    return await handler(event, data)
           ^^^^^^^^^^^^^^^^^^^^^^^^^^
  File "/app/src/bot/middlewares.py", line 136, in __call__
    return await handler(event, data)
           ^^^^^^^^^^^^^^^^^^^^^^^^^^
  File "/usr/local/lib/python3.11/site-packages/aiogram/dispatcher/event/handler.py", line 43, in call
    return await wrapped()
           ^^^^^^^^^^^^^^^
  File "/app/src/bot/routers/image.py", line 20, in image_enhance_start
    await message.answer(
  File "/usr/local/lib/python3.11/site-packages/aiogram/methods/base.py", line 84, in emit
    return await bot(self)
           ^^^^^^^^^^^^^^^
  File "/usr/local/lib/python3.11/site-packages/aiogram/client/bot.py", line 487, in __call__
    return await self.session(self, method, timeout=request_timeout)
           ^^^^^^^^^^^^^^^^^^^^^^^^^^^^^^^^^^^^^^^^^^^^^^^^^^^^^^^^^
  File "/usr/local/lib/python3.11/site-packages/aiogram/client/session/base.py", line 254, in __call__
    return cast(TelegramType, await middleware(bot, method))
                              ^^^^^^^^^^^^^^^^^^^^^^^^^^^^^
  File "/usr/local/lib/python3.11/site-packages/aiogram/client/session/aiohttp.py", line 188, in make_request
    raise TelegramNetworkError(method=method, message=f"{type(e).__name__}: {e}")
aiogram.exceptions.TelegramNetworkError: HTTP Client says - ClientConnectorError: Cannot connect to host api.telegram.org:443 ssl:default [None]
2025-11-20 10:38:13,077 - src.bot.middlewares - INFO - Message received: user_id=436680563, chat_id=436680563, text=üì∏ –£–ª—É—á—à–∏—Ç—å —Ñ–æ—Ç–æ
2025-11-20 10:38:14,254 - src.bot.middlewares - INFO - Request processed in 1.177s
2025-11-20 10:38:24,939 - src.bot.middlewares - INFO - Message received: user_id=436680563, chat_id=436680563, text=<no text>
2025-11-20 10:38:26,098 - src.bot.middlewares - INFO - Request processed in 1.159s
2025-11-20 10:38:30,231 - src.bot.middlewares - INFO - Callback received: user_id=436680563, data=img_model:enhance_standard
2025-11-20 10:38:32,112 - src.services.generation - INFO - Image task enqueued: task_id=7
2025-11-20 10:38:32,343 - src.bot.routers.image - INFO - Image task created: task_id=7, user=436680563, model=enhance_standard
2025-11-20 10:38:32,344 - src.bot.middlewares - INFO - Request processed in 2.113s
2025-12-03 18:19:08,671 - src.web.server - INFO - Starting bot...
2025-12-03 18:19:09,833 - src.web.server - INFO - Webhook —É–∂–µ —É—Å—Ç–∞–Ω–æ–≤–ª–µ–Ω: https://5cfd79a6a0b7.ngrok-free.app/tg/webhook
2025-12-03 18:19:27,223 - src.web.server - INFO - Stopping bot...
2025-12-03 18:19:28,256 - src.web.server - INFO - Bot stopped
2025-12-04 06:29:41,671 - src.web.server - INFO - Starting bot...
2025-12-04 06:29:41,674 - src.web.server - INFO - Starting bot...
2025-12-04 06:29:41,775 - src.web.server - INFO - Starting bot...
2025-12-04 06:29:41,805 - src.web.server - INFO - Starting bot...
2025-12-04 06:29:43,483 - src.web.server - INFO - Webhook set: https://9084bcfacdf7.ngrok-free.app/tg/webhook
2025-12-04 06:29:43,510 - src.web.server - WARNING - TelegramRetryAfter –ø—Ä–∏ set_webhook (retry_after=1). –ü—Ä–æ–ø—É—Å–∫–∞–µ–º —É—Å—Ç–∞–Ω–æ–≤–∫—É –≤–µ–±—Ö—É–∫–∞ –Ω–∞ —Å—Ç–∞—Ä—Ç–µ.
2025-12-04 06:29:43,777 - src.web.server - ERROR - –ù–µ —É–¥–∞–ª–æ—Å—å –ø–æ–ª—É—á–∏—Ç—å webhook_info: HTTP Client says - ClientConnectorError: Cannot connect to host api.telegram.org:443 ssl:default [None]
Traceback (most recent call last):
  File "/usr/local/lib/python3.11/site-packages/aiohttp/connector.py", line 992, in _wrap_create_connection
    return await self._loop.create_connection(*args, **kwargs)
           ^^^^^^^^^^^^^^^^^^^^^^^^^^^^^^^^^^^^^^^^^^^^^^^^^^^
  File "uvloop/loop.pyx", line 2088, in create_connection
  File "uvloop/loop.pyx", line 2083, in uvloop.loop.Loop.create_connection
  File "uvloop/sslproto.pyx", line 517, in uvloop.loop.SSLProtocol._on_handshake_complete
ConnectionResetError

The above exception was the direct cause of the following exception:

Traceback (most recent call last):
  File "/usr/local/lib/python3.11/site-packages/aiogram/client/session/aiohttp.py", line 181, in make_request
    async with session.post(
  File "/usr/local/lib/python3.11/site-packages/aiohttp/client.py", line 1187, in __aenter__
    self._resp = await self._coro
                 ^^^^^^^^^^^^^^^^
  File "/usr/local/lib/python3.11/site-packages/aiohttp/client.py", line 574, in _request
    conn = await self._connector.connect(
           ^^^^^^^^^^^^^^^^^^^^^^^^^^^^^^
  File "/usr/local/lib/python3.11/site-packages/aiohttp/connector.py", line 544, in connect
    proto = await self._create_connection(req, traces, timeout)
            ^^^^^^^^^^^^^^^^^^^^^^^^^^^^^^^^^^^^^^^^^^^^^^^^^^^
  File "/usr/local/lib/python3.11/site-packages/aiohttp/connector.py", line 911, in _create_connection
    _, proto = await self._create_direct_connection(req, traces, timeout)
               ^^^^^^^^^^^^^^^^^^^^^^^^^^^^^^^^^^^^^^^^^^^^^^^^^^^^^^^^^^
  File "/usr/local/lib/python3.11/site-packages/aiohttp/connector.py", line 1235, in _create_direct_connection
    raise last_exc
  File "/usr/local/lib/python3.11/site-packages/aiohttp/connector.py", line 1204, in _create_direct_connection
    transp, proto = await self._wrap_create_connection(
                    ^^^^^^^^^^^^^^^^^^^^^^^^^^^^^^^^^^^
  File "/usr/local/lib/python3.11/site-packages/aiohttp/connector.py", line 1000, in _wrap_create_connection
    raise client_error(req.connection_key, exc) from exc
aiohttp.client_exceptions.ClientConnectorError: Cannot connect to host api.telegram.org:443 ssl:default [None]

During handling of the above exception, another exception occurred:

Traceback (most recent call last):
  File "/app/src/web/server.py", line 81, in lifespan
    info = await bot.get_webhook_info()
           ^^^^^^^^^^^^^^^^^^^^^^^^^^^^
  File "/usr/local/lib/python3.11/site-packages/aiogram/client/bot.py", line 2001, in get_webhook_info
    return await self(call, request_timeout=request_timeout)
           ^^^^^^^^^^^^^^^^^^^^^^^^^^^^^^^^^^^^^^^^^^^^^^^^^
  File "/usr/local/lib/python3.11/site-packages/aiogram/client/bot.py", line 487, in __call__
    return await self.session(self, method, timeout=request_timeout)
           ^^^^^^^^^^^^^^^^^^^^^^^^^^^^^^^^^^^^^^^^^^^^^^^^^^^^^^^^^
  File "/usr/local/lib/python3.11/site-packages/aiogram/client/session/base.py", line 254, in __call__
    return cast(TelegramType, await middleware(bot, method))
                              ^^^^^^^^^^^^^^^^^^^^^^^^^^^^^
  File "/usr/local/lib/python3.11/site-packages/aiogram/client/session/aiohttp.py", line 188, in make_request
    raise TelegramNetworkError(method=method, message=f"{type(e).__name__}: {e}")
aiogram.exceptions.TelegramNetworkError: HTTP Client says - ClientConnectorError: Cannot connect to host api.telegram.org:443 ssl:default [None]
2025-12-04 06:29:43,991 - src.web.server - INFO - Webhook —É–∂–µ —É—Å—Ç–∞–Ω–æ–≤–ª–µ–Ω: https://9084bcfacdf7.ngrok-free.app/tg/webhook
2025-12-04 06:38:25,433 - src.web.server - INFO - Stopping bot...
2025-12-04 06:38:25,434 - src.web.server - INFO - Stopping bot...
2025-12-04 06:38:25,447 - src.web.server - INFO - Stopping bot...
2025-12-04 06:38:25,479 - src.web.server - INFO - Stopping bot...
2025-12-04 06:38:27,134 - src.web.server - INFO - Bot stopped
2025-12-04 06:38:27,332 - src.web.server - INFO - Bot stopped
2025-12-04 06:38:27,332 - src.web.server - INFO - Bot stopped
2025-12-04 06:38:27,468 - src.web.server - INFO - Bot stopped
2025-12-04 06:39:35,660 - src.web.server - INFO - Starting bot...
2025-12-04 06:39:35,660 - src.web.server - INFO - Starting bot...
2025-12-04 06:39:35,706 - src.web.server - INFO - Starting bot...
2025-12-04 06:39:35,706 - src.web.server - INFO - Starting bot...
2025-12-04 06:39:37,785 - src.web.server - INFO - Webhook set: https://9084bcfacdf7.ngrok-free.app/tg/webhook
2025-12-04 06:39:37,785 - src.web.server - WARNING - TelegramRetryAfter –ø—Ä–∏ set_webhook (retry_after=1). –ü—Ä–æ–ø—É—Å–∫–∞–µ–º —É—Å—Ç–∞–Ω–æ–≤–∫—É –≤–µ–±—Ö—É–∫–∞ –Ω–∞ —Å—Ç–∞—Ä—Ç–µ.
2025-12-04 06:39:37,787 - src.web.server - WARNING - TelegramRetryAfter –ø—Ä–∏ set_webhook (retry_after=1). –ü—Ä–æ–ø—É—Å–∫–∞–µ–º —É—Å—Ç–∞–Ω–æ–≤–∫—É –≤–µ–±—Ö—É–∫–∞ –Ω–∞ —Å—Ç–∞—Ä—Ç–µ.
2025-12-04 06:39:37,845 - src.web.server - WARNING - TelegramRetryAfter –ø—Ä–∏ set_webhook (retry_after=1). –ü—Ä–æ–ø—É—Å–∫–∞–µ–º —É—Å—Ç–∞–Ω–æ–≤–∫—É –≤–µ–±—Ö—É–∫–∞ –Ω–∞ —Å—Ç–∞—Ä—Ç–µ.
2025-12-04 06:40:01,863 - src.bot.middlewares - INFO - Message received: user_id=436680563, chat_id=436680563, text=/start
2025-12-04 06:40:14,434 - src.bot.middlewares - INFO - Request processed in 12.571s
2025-12-04 06:40:20,875 - src.bot.middlewares - INFO - Message received: user_id=436680563, chat_id=436680563, text=üé¨ –£–ª—É—á—à–∏—Ç—å –≤–∏–¥–µ–æ
2025-12-04 06:40:22,029 - src.bot.middlewares - INFO - Request processed in 1.153s
2025-12-04 06:41:43,471 - src.bot.middlewares - INFO - Message received: user_id=436680563, chat_id=436680563, text=<no text>
2025-12-04 06:41:43,945 - src.services.rate_limiter - ERROR - Rate limiter error: 'Redis' object has no attribute 'aclose'
2025-12-04 06:41:45,959 - src.bot.middlewares - INFO - Request processed in 2.488s
2025-12-04 06:41:54,134 - src.bot.middlewares - INFO - Callback received: user_id=436680563, data=vid_model:proteus_4x
2025-12-04 06:42:04,001 - src.services.generation - INFO - Video task enqueued: task_id=8
2025-12-04 06:42:04,237 - src.bot.routers.video - INFO - Video task created: task_id=8, user=436680563, model=proteus_4x, cost=5
2025-12-04 06:42:04,239 - src.bot.middlewares - INFO - Request processed in 10.105s
2025-12-04 06:44:35,938 - src.bot.middlewares - INFO - Callback received: user_id=436680563, data=cancel_task:8
2025-12-04 06:44:36,483 - src.bot.routers.video - ERROR - Cancel callback error: 'Redis' object has no attribute 'aclose'
2025-12-04 06:44:37,821 - src.bot.middlewares - INFO - Request processed in 1.883s
2025-12-04 06:44:44,291 - src.bot.middlewares - INFO - Callback received: user_id=436680563, data=cancel
2025-12-04 06:44:53,246 - src.bot.middlewares - INFO - Request processed in 8.956s
2025-12-04 06:48:32,447 - src.web.server - INFO - Stopping bot...
2025-12-04 06:48:32,450 - src.web.server - INFO - Stopping bot...
2025-12-04 06:48:32,501 - src.web.server - INFO - Stopping bot...
2025-12-04 06:48:32,531 - src.web.server - INFO - Stopping bot...
2025-12-04 06:48:33,733 - src.web.server - INFO - Bot stopped
2025-12-04 06:48:33,765 - src.web.server - INFO - Bot stopped
2025-12-04 06:48:33,988 - src.web.server - INFO - Bot stopped
2025-12-04 06:48:34,287 - src.web.server - INFO - Bot stopped
2025-12-04 06:50:01,953 - src.web.server - INFO - Starting bot...
2025-12-04 06:50:01,953 - src.web.server - INFO - Starting bot...
2025-12-04 06:50:01,954 - src.web.server - INFO - Starting bot...
2025-12-04 06:50:02,042 - src.web.server - INFO - Starting bot...
2025-12-04 06:50:03,552 - src.web.server - WARNING - TelegramRetryAfter –ø—Ä–∏ set_webhook (retry_after=1). –ü—Ä–æ–ø—É—Å–∫–∞–µ–º —É—Å—Ç–∞–Ω–æ–≤–∫—É –≤–µ–±—Ö—É–∫–∞ –Ω–∞ —Å—Ç–∞—Ä—Ç–µ.
2025-12-04 06:50:03,552 - src.web.server - INFO - Webhook set: https://9084bcfacdf7.ngrok-free.app/tg/webhook
2025-12-04 06:50:03,553 - src.web.server - WARNING - TelegramRetryAfter –ø—Ä–∏ set_webhook (retry_after=1). –ü—Ä–æ–ø—É—Å–∫–∞–µ–º —É—Å—Ç–∞–Ω–æ–≤–∫—É –≤–µ–±—Ö—É–∫–∞ –Ω–∞ —Å—Ç–∞—Ä—Ç–µ.
2025-12-04 06:50:03,553 - src.web.server - WARNING - TelegramRetryAfter –ø—Ä–∏ set_webhook (retry_after=1). –ü—Ä–æ–ø—É—Å–∫–∞–µ–º —É—Å—Ç–∞–Ω–æ–≤–∫—É –≤–µ–±—Ö—É–∫–∞ –Ω–∞ —Å—Ç–∞—Ä—Ç–µ.
2025-12-04 06:53:32,279 - src.bot.middlewares - INFO - Message received: user_id=436680563, chat_id=436680563, text=/start
2025-12-04 06:53:50,904 - src.bot.middlewares - INFO - Request processed in 18.625s
2025-12-04 06:53:51,120 - src.bot.middlewares - INFO - Message received: user_id=436680563, chat_id=436680563, text=üé¨ –£–ª—É—á—à–∏—Ç—å –≤–∏–¥–µ–æ
2025-12-04 06:53:52,795 - src.bot.middlewares - INFO - Request processed in 1.675s
2025-12-04 06:54:02,300 - src.bot.middlewares - INFO - Message received: user_id=436680563, chat_id=436680563, text=<no text>
2025-12-04 06:54:10,291 - src.bot.middlewares - INFO - Request processed in 7.991s
2025-12-04 06:54:15,845 - src.bot.middlewares - INFO - Callback received: user_id=436680563, data=vid_model:proteus_4x
2025-12-04 06:54:17,685 - src.services.generation - INFO - Video task enqueued: task_id=9
2025-12-04 06:54:17,905 - src.bot.routers.video - INFO - Video task created: task_id=9, user=436680563, model=proteus_4x, cost=5
2025-12-04 06:54:17,906 - src.bot.middlewares - INFO - Request processed in 2.062s
2025-12-04 06:55:53,723 - src.bot.middlewares - INFO - Message received: user_id=436680563, chat_id=436680563, text=/broadcast
2025-12-04 06:56:06,571 - src.bot.middlewares - INFO - Request processed in 12.848s
2025-12-04 06:58:02,291 - src.web.server - INFO - Stopping bot...
2025-12-04 06:58:02,296 - src.web.server - INFO - Stopping bot...
2025-12-04 06:58:02,296 - src.web.server - INFO - Stopping bot...
2025-12-04 06:58:02,348 - src.web.server - INFO - Stopping bot...
2025-12-04 06:58:03,853 - src.web.server - INFO - Bot stopped
2025-12-04 06:58:04,358 - src.web.server - INFO - Bot stopped
2025-12-04 06:58:04,362 - src.web.server - INFO - Bot stopped
2025-12-04 06:58:05,251 - src.web.server - INFO - Bot stopped
2025-12-04 06:59:52,684 - src.web.server - INFO - Starting bot...
2025-12-04 06:59:52,684 - src.web.server - INFO - Starting bot...
2025-12-04 06:59:52,805 - src.web.server - INFO - Starting bot...
2025-12-04 06:59:52,843 - src.web.server - INFO - Starting bot...
2025-12-04 06:59:53,770 - src.web.server - WARNING - TelegramRetryAfter –ø—Ä–∏ set_webhook (retry_after=1). –ü—Ä–æ–ø—É—Å–∫–∞–µ–º —É—Å—Ç–∞–Ω–æ–≤–∫—É –≤–µ–±—Ö—É–∫–∞ –Ω–∞ —Å—Ç–∞—Ä—Ç–µ.
2025-12-04 06:59:53,770 - src.web.server - INFO - Webhook set: https://9084bcfacdf7.ngrok-free.app/tg/webhook
2025-12-04 06:59:53,799 - src.web.server - WARNING - TelegramRetryAfter –ø—Ä–∏ set_webhook (retry_after=1). –ü—Ä–æ–ø—É—Å–∫–∞–µ–º —É—Å—Ç–∞–Ω–æ–≤–∫—É –≤–µ–±—Ö—É–∫–∞ –Ω–∞ —Å—Ç–∞—Ä—Ç–µ.
2025-12-04 06:59:53,981 - src.web.server - WARNING - TelegramRetryAfter –ø—Ä–∏ set_webhook (retry_after=1). –ü—Ä–æ–ø—É—Å–∫–∞–µ–º —É—Å—Ç–∞–Ω–æ–≤–∫—É –≤–µ–±—Ö—É–∫–∞ –Ω–∞ —Å—Ç–∞—Ä—Ç–µ.
2025-12-04 07:01:27,864 - src.bot.middlewares - INFO - Message received: user_id=436680563, chat_id=436680563, text=üé¨ –£–ª—É—á—à–∏—Ç—å –≤–∏–¥–µ–æ
2025-12-04 07:01:43,732 - src.bot.middlewares - INFO - Request processed in 15.868s
2025-12-04 07:01:47,225 - src.bot.middlewares - INFO - Message received: user_id=436680563, chat_id=436680563, text=<no text>
2025-12-04 07:01:58,081 - src.bot.middlewares - INFO - Request processed in 10.856s
2025-12-04 07:01:59,055 - src.bot.middlewares - INFO - Callback received: user_id=436680563, data=vid_model:proteus_4x
2025-12-04 07:02:00,765 - src.services.generation - INFO - Video task enqueued: task_id=10
2025-12-04 07:02:00,986 - src.bot.routers.video - INFO - Video task created: task_id=10, user=436680563, model=proteus_4x, cost=5
2025-12-04 07:02:00,987 - src.bot.middlewares - INFO - Request processed in 1.932s
2025-12-04 07:04:43,188 - src.web.server - INFO - Stopping bot...
2025-12-04 07:04:43,199 - src.web.server - INFO - Stopping bot...
2025-12-04 07:04:43,199 - src.web.server - INFO - Stopping bot...
2025-12-04 07:04:43,248 - src.web.server - INFO - Stopping bot...
2025-12-04 07:04:45,072 - src.web.server - INFO - Bot stopped
2025-12-04 07:04:45,078 - src.web.server - INFO - Bot stopped
2025-12-04 07:04:45,082 - src.web.server - INFO - Bot stopped
2025-12-04 07:04:45,127 - src.web.server - INFO - Bot stopped
2025-12-04 07:06:01,218 - src.web.server - INFO - Starting bot...
2025-12-04 07:06:01,219 - src.web.server - INFO - Starting bot...
2025-12-04 07:06:01,251 - src.web.server - INFO - Starting bot...
2025-12-04 07:06:01,368 - src.web.server - INFO - Starting bot...
2025-12-04 07:06:03,277 - src.web.server - INFO - Webhook set: https://9084bcfacdf7.ngrok-free.app/tg/webhook
2025-12-04 07:06:03,294 - src.web.server - WARNING - TelegramRetryAfter –ø—Ä–∏ set_webhook (retry_after=1). –ü—Ä–æ–ø—É—Å–∫–∞–µ–º —É—Å—Ç–∞–Ω–æ–≤–∫—É –≤–µ–±—Ö—É–∫–∞ –Ω–∞ —Å—Ç–∞—Ä—Ç–µ.
2025-12-04 07:06:03,321 - src.web.server - WARNING - TelegramRetryAfter –ø—Ä–∏ set_webhook (retry_after=1). –ü—Ä–æ–ø—É—Å–∫–∞–µ–º —É—Å—Ç–∞–Ω–æ–≤–∫—É –≤–µ–±—Ö—É–∫–∞ –Ω–∞ —Å—Ç–∞—Ä—Ç–µ.
2025-12-04 07:06:03,366 - src.web.server - WARNING - TelegramRetryAfter –ø—Ä–∏ set_webhook (retry_after=1). –ü—Ä–æ–ø—É—Å–∫–∞–µ–º —É—Å—Ç–∞–Ω–æ–≤–∫—É –≤–µ–±—Ö—É–∫–∞ –Ω–∞ —Å—Ç–∞—Ä—Ç–µ.
2025-12-04 07:06:16,561 - src.bot.middlewares - INFO - Message received: user_id=436680563, chat_id=436680563, text=üé¨ –£–ª—É—á—à–∏—Ç—å –≤–∏–¥–µ–æ
2025-12-04 07:06:24,751 - src.bot.middlewares - INFO - Request processed in 8.190s
2025-12-04 07:06:27,434 - src.bot.middlewares - INFO - Message received: user_id=436680563, chat_id=436680563, text=<no text>
2025-12-04 07:06:29,321 - src.bot.middlewares - INFO - Request processed in 1.887s
2025-12-04 07:06:30,419 - src.bot.middlewares - INFO - Callback received: user_id=436680563, data=vid_model:proteus_4x
2025-12-04 07:06:33,308 - src.services.generation - INFO - Video task enqueued: task_id=11
2025-12-04 07:06:33,570 - src.bot.routers.video - INFO - Video task created: task_id=11, user=436680563, model=proteus_4x, cost=5
2025-12-04 07:06:33,571 - src.bot.middlewares - INFO - Request processed in 3.152s
2025-12-04 07:13:32,268 - src.web.server - INFO - Stopping bot...
2025-12-04 07:13:32,357 - src.web.server - INFO - Stopping bot...
2025-12-04 07:13:32,358 - src.web.server - INFO - Stopping bot...
2025-12-04 07:13:32,359 - src.web.server - INFO - Stopping bot...
2025-12-04 07:13:34,107 - src.web.server - INFO - Bot stopped
2025-12-04 07:13:34,191 - src.web.server - INFO - Bot stopped
2025-12-04 07:13:34,203 - src.web.server - INFO - Bot stopped
2025-12-04 07:13:34,212 - src.web.server - INFO - Bot stopped
2025-12-04 07:13:59,818 - src.web.server - INFO - Starting bot...
2025-12-04 07:13:59,822 - src.web.server - INFO - Starting bot...
2025-12-04 07:13:59,823 - src.web.server - INFO - Starting bot...
2025-12-04 07:13:59,824 - src.web.server - INFO - Starting bot...
2025-12-04 07:14:00,852 - src.web.server - INFO - Webhook set: https://9084bcfacdf7.ngrok-free.app/tg/webhook
2025-12-04 07:14:00,983 - src.web.server - WARNING - TelegramRetryAfter –ø—Ä–∏ set_webhook (retry_after=1). –ü—Ä–æ–ø—É—Å–∫–∞–µ–º —É—Å—Ç–∞–Ω–æ–≤–∫—É –≤–µ–±—Ö—É–∫–∞ –Ω–∞ —Å—Ç–∞—Ä—Ç–µ.
2025-12-04 07:14:01,007 - src.web.server - WARNING - TelegramRetryAfter –ø—Ä–∏ set_webhook (retry_after=1). –ü—Ä–æ–ø—É—Å–∫–∞–µ–º —É—Å—Ç–∞–Ω–æ–≤–∫—É –≤–µ–±—Ö—É–∫–∞ –Ω–∞ —Å—Ç–∞—Ä—Ç–µ.
2025-12-04 07:14:01,031 - src.web.server - WARNING - TelegramRetryAfter –ø—Ä–∏ set_webhook (retry_after=1). –ü—Ä–æ–ø—É—Å–∫–∞–µ–º —É—Å—Ç–∞–Ω–æ–≤–∫—É –≤–µ–±—Ö—É–∫–∞ –Ω–∞ —Å—Ç–∞—Ä—Ç–µ.
2025-12-04 07:14:11,864 - src.bot.middlewares - INFO - Message received: user_id=436680563, chat_id=436680563, text=üé¨ –£–ª—É—á—à–∏—Ç—å –≤–∏–¥–µ–æ
2025-12-04 07:14:23,073 - src.bot.middlewares - INFO - Request processed in 11.209s
2025-12-04 07:14:26,006 - src.bot.middlewares - INFO - Message received: user_id=436680563, chat_id=436680563, text=<no text>
2025-12-04 07:14:36,047 - src.bot.middlewares - INFO - Request processed in 10.042s
2025-12-04 07:14:37,141 - src.bot.middlewares - INFO - Callback received: user_id=436680563, data=vid_model:proteus_4x
2025-12-04 07:14:38,521 - src.services.generation - INFO - Video task enqueued: task_id=12
2025-12-04 07:14:38,742 - src.bot.routers.video - INFO - Video task created: task_id=12, user=436680563, model=proteus_4x, cost=5
2025-12-04 07:14:38,743 - src.bot.middlewares - INFO - Request processed in 1.602s
2025-12-04 07:16:33,468 - src.web.server - INFO - Stopping bot...
2025-12-04 07:16:33,468 - src.web.server - INFO - Stopping bot...
2025-12-04 07:16:33,470 - src.web.server - INFO - Stopping bot...
2025-12-04 07:16:33,529 - src.web.server - INFO - Stopping bot...
2025-12-04 07:16:34,362 - src.web.server - INFO - Bot stopped
2025-12-04 07:16:34,396 - src.web.server - INFO - Bot stopped
2025-12-04 07:16:34,432 - src.web.server - INFO - Bot stopped
2025-12-04 07:16:34,494 - src.web.server - INFO - Bot stopped
2025-12-04 07:16:57,547 - src.web.server - INFO - Starting bot...
2025-12-04 07:16:57,547 - src.web.server - INFO - Starting bot...
2025-12-04 07:16:57,633 - src.web.server - INFO - Starting bot...
2025-12-04 07:16:57,653 - src.web.server - INFO - Starting bot...
2025-12-04 07:16:58,984 - src.web.server - INFO - Webhook set: https://9084bcfacdf7.ngrok-free.app/tg/webhook
2025-12-04 07:16:59,004 - src.web.server - INFO - Webhook —É–∂–µ —É—Å—Ç–∞–Ω–æ–≤–ª–µ–Ω: https://9084bcfacdf7.ngrok-free.app/tg/webhook
2025-12-04 07:16:59,174 - src.web.server - WARNING - TelegramRetryAfter –ø—Ä–∏ set_webhook (retry_after=1). –ü—Ä–æ–ø—É—Å–∫–∞–µ–º —É—Å—Ç–∞–Ω–æ–≤–∫—É –≤–µ–±—Ö—É–∫–∞ –Ω–∞ —Å—Ç–∞—Ä—Ç–µ.
2025-12-04 07:16:59,235 - src.web.server - INFO - Webhook —É–∂–µ —É—Å—Ç–∞–Ω–æ–≤–ª–µ–Ω: https://9084bcfacdf7.ngrok-free.app/tg/webhook
2025-12-04 07:17:08,012 - src.bot.middlewares - INFO - Message received: user_id=436680563, chat_id=436680563, text=/buy
2025-12-04 07:17:17,660 - src.bot.middlewares - INFO - Request processed in 9.648s
2025-12-04 07:17:23,115 - src.bot.middlewares - INFO - Callback received: user_id=436680563, data=buy:small
2025-12-04 07:17:36,705 - src.bot.middlewares - INFO - Request processed in 13.591s
2025-12-04 07:17:36,927 - src.bot.middlewares - INFO - Callback received: user_id=436680563, data=buy:small
2025-12-04 07:17:38,152 - src.bot.middlewares - ERROR - Error in handler, rolled back: Telegram server says - Bad Request: message is not modified: specified new message content and reply markup are exactly the same as a current content and reply markup of the message
Traceback (most recent call last):
  File "/app/src/bot/middlewares.py", line 32, in __call__
    result = await handler(event, data)
             ^^^^^^^^^^^^^^^^^^^^^^^^^^
  File "/app/src/bot/middlewares.py", line 95, in __call__
    return await handler(event, data)
           ^^^^^^^^^^^^^^^^^^^^^^^^^^
  File "/usr/local/lib/python3.11/site-packages/aiogram/dispatcher/event/handler.py", line 43, in call
    return await wrapped()
           ^^^^^^^^^^^^^^^
  File "/app/src/bot/routers/payment.py", line 54, in buy_package
    await callback.message.edit_text(
  File "/usr/local/lib/python3.11/site-packages/aiogram/methods/base.py", line 84, in emit
    return await bot(self)
           ^^^^^^^^^^^^^^^
  File "/usr/local/lib/python3.11/site-packages/aiogram/client/bot.py", line 487, in __call__
    return await self.session(self, method, timeout=request_timeout)
           ^^^^^^^^^^^^^^^^^^^^^^^^^^^^^^^^^^^^^^^^^^^^^^^^^^^^^^^^^
  File "/usr/local/lib/python3.11/site-packages/aiogram/client/session/base.py", line 254, in __call__
    return cast(TelegramType, await middleware(bot, method))
                              ^^^^^^^^^^^^^^^^^^^^^^^^^^^^^
  File "/usr/local/lib/python3.11/site-packages/aiogram/client/session/aiohttp.py", line 189, in make_request
    response = self.check_response(
               ^^^^^^^^^^^^^^^^^^^^
  File "/usr/local/lib/python3.11/site-packages/aiogram/client/session/base.py", line 120, in check_response
    raise TelegramBadRequest(method=method, message=description)
aiogram.exceptions.TelegramBadRequest: Telegram server says - Bad Request: message is not modified: specified new message content and reply markup are exactly the same as a current content and reply markup of the message
2025-12-04 07:17:38,161 - src.bot.middlewares - ERROR - Error processing request (took 1.234s): Telegram server says - Bad Request: message is not modified: specified new message content and reply markup are exactly the same as a current content and reply markup of the message
Traceback (most recent call last):
  File "/app/src/bot/middlewares.py", line 176, in __call__
    result = await handler(event, data)
             ^^^^^^^^^^^^^^^^^^^^^^^^^^
  File "/app/src/bot/middlewares.py", line 256, in __call__
    return await handler(event, data)
           ^^^^^^^^^^^^^^^^^^^^^^^^^^
  File "/app/src/bot/middlewares.py", line 32, in __call__
    result = await handler(event, data)
             ^^^^^^^^^^^^^^^^^^^^^^^^^^
  File "/app/src/bot/middlewares.py", line 95, in __call__
    return await handler(event, data)
           ^^^^^^^^^^^^^^^^^^^^^^^^^^
  File "/usr/local/lib/python3.11/site-packages/aiogram/dispatcher/event/handler.py", line 43, in call
    return await wrapped()
           ^^^^^^^^^^^^^^^
  File "/app/src/bot/routers/payment.py", line 54, in buy_package
    await callback.message.edit_text(
  File "/usr/local/lib/python3.11/site-packages/aiogram/methods/base.py", line 84, in emit
    return await bot(self)
           ^^^^^^^^^^^^^^^
  File "/usr/local/lib/python3.11/site-packages/aiogram/client/bot.py", line 487, in __call__
    return await self.session(self, method, timeout=request_timeout)
           ^^^^^^^^^^^^^^^^^^^^^^^^^^^^^^^^^^^^^^^^^^^^^^^^^^^^^^^^^
  File "/usr/local/lib/python3.11/site-packages/aiogram/client/session/base.py", line 254, in __call__
    return cast(TelegramType, await middleware(bot, method))
                              ^^^^^^^^^^^^^^^^^^^^^^^^^^^^^
  File "/usr/local/lib/python3.11/site-packages/aiogram/client/session/aiohttp.py", line 189, in make_request
    response = self.check_response(
               ^^^^^^^^^^^^^^^^^^^^
  File "/usr/local/lib/python3.11/site-packages/aiogram/client/session/base.py", line 120, in check_response
    raise TelegramBadRequest(method=method, message=description)
aiogram.exceptions.TelegramBadRequest: Telegram server says - Bad Request: message is not modified: specified new message content and reply markup are exactly the same as a current content and reply markup of the message
2025-12-04 07:17:38,163 - src.bot.middlewares - ERROR - Unhandled error: Telegram server says - Bad Request: message is not modified: specified new message content and reply markup are exactly the same as a current content and reply markup of the message
Traceback (most recent call last):
  File "/app/src/bot/middlewares.py", line 299, in __call__
    return await handler(event, data)
           ^^^^^^^^^^^^^^^^^^^^^^^^^^
  File "/usr/local/lib/python3.11/site-packages/aiogram/dispatcher/router.py", line 141, in _wrapped
    return await self._propagate_event(
           ^^^^^^^^^^^^^^^^^^^^^^^^^^^^
  File "/usr/local/lib/python3.11/site-packages/aiogram/dispatcher/router.py", line 174, in _propagate_event
    response = await router.propagate_event(update_type=update_type, event=event, **kwargs)
               ^^^^^^^^^^^^^^^^^^^^^^^^^^^^^^^^^^^^^^^^^^^^^^^^^^^^^^^^^^^^^^^^^^^^^^^^^^^^
  File "/usr/local/lib/python3.11/site-packages/aiogram/dispatcher/router.py", line 146, in propagate_event
    return await observer.wrap_outer_middleware(_wrapped, event=event, data=kwargs)
           ^^^^^^^^^^^^^^^^^^^^^^^^^^^^^^^^^^^^^^^^^^^^^^^^^^^^^^^^^^^^^^^^^^^^^^^^
  File "/usr/local/lib/python3.11/site-packages/aiogram/dispatcher/router.py", line 141, in _wrapped
    return await self._propagate_event(
           ^^^^^^^^^^^^^^^^^^^^^^^^^^^^
  File "/usr/local/lib/python3.11/site-packages/aiogram/dispatcher/router.py", line 174, in _propagate_event
    response = await router.propagate_event(update_type=update_type, event=event, **kwargs)
               ^^^^^^^^^^^^^^^^^^^^^^^^^^^^^^^^^^^^^^^^^^^^^^^^^^^^^^^^^^^^^^^^^^^^^^^^^^^^
  File "/usr/local/lib/python3.11/site-packages/aiogram/dispatcher/router.py", line 146, in propagate_event
    return await observer.wrap_outer_middleware(_wrapped, event=event, data=kwargs)
           ^^^^^^^^^^^^^^^^^^^^^^^^^^^^^^^^^^^^^^^^^^^^^^^^^^^^^^^^^^^^^^^^^^^^^^^^
  File "/usr/local/lib/python3.11/site-packages/aiogram/dispatcher/router.py", line 141, in _wrapped
    return await self._propagate_event(
           ^^^^^^^^^^^^^^^^^^^^^^^^^^^^
  File "/usr/local/lib/python3.11/site-packages/aiogram/dispatcher/router.py", line 166, in _propagate_event
    response = await observer.trigger(event, **kwargs)
               ^^^^^^^^^^^^^^^^^^^^^^^^^^^^^^^^^^^^^^^
  File "/usr/local/lib/python3.11/site-packages/aiogram/dispatcher/event/telegram.py", line 121, in trigger
    return await wrapped_inner(event, kwargs)
           ^^^^^^^^^^^^^^^^^^^^^^^^^^^^^^^^^^
  File "/app/src/bot/middlewares.py", line 176, in __call__
    result = await handler(event, data)
             ^^^^^^^^^^^^^^^^^^^^^^^^^^
  File "/app/src/bot/middlewares.py", line 256, in __call__
    return await handler(event, data)
           ^^^^^^^^^^^^^^^^^^^^^^^^^^
  File "/app/src/bot/middlewares.py", line 32, in __call__
    result = await handler(event, data)
             ^^^^^^^^^^^^^^^^^^^^^^^^^^
  File "/app/src/bot/middlewares.py", line 95, in __call__
    return await handler(event, data)
           ^^^^^^^^^^^^^^^^^^^^^^^^^^
  File "/usr/local/lib/python3.11/site-packages/aiogram/dispatcher/event/handler.py", line 43, in call
    return await wrapped()
           ^^^^^^^^^^^^^^^
  File "/app/src/bot/routers/payment.py", line 54, in buy_package
    await callback.message.edit_text(
  File "/usr/local/lib/python3.11/site-packages/aiogram/methods/base.py", line 84, in emit
    return await bot(self)
           ^^^^^^^^^^^^^^^
  File "/usr/local/lib/python3.11/site-packages/aiogram/client/bot.py", line 487, in __call__
    return await self.session(self, method, timeout=request_timeout)
           ^^^^^^^^^^^^^^^^^^^^^^^^^^^^^^^^^^^^^^^^^^^^^^^^^^^^^^^^^
  File "/usr/local/lib/python3.11/site-packages/aiogram/client/session/base.py", line 254, in __call__
    return cast(TelegramType, await middleware(bot, method))
                              ^^^^^^^^^^^^^^^^^^^^^^^^^^^^^
  File "/usr/local/lib/python3.11/site-packages/aiogram/client/session/aiohttp.py", line 189, in make_request
    response = self.check_response(
               ^^^^^^^^^^^^^^^^^^^^
  File "/usr/local/lib/python3.11/site-packages/aiogram/client/session/base.py", line 120, in check_response
    raise TelegramBadRequest(method=method, message=description)
aiogram.exceptions.TelegramBadRequest: Telegram server says - Bad Request: message is not modified: specified new message content and reply markup are exactly the same as a current content and reply markup of the message
2025-12-04 07:17:38,585 - src.bot.middlewares - INFO - Callback received: user_id=436680563, data=pay_yoo:small
2025-12-04 07:17:47,794 - src.bot.middlewares - INFO - Request processed in 9.209s
2025-12-04 07:17:55,014 - src.bot.middlewares - INFO - Message received: user_id=436680563, chat_id=436680563, text=üí∞ –ë–∞–ª–∞–Ω—Å
2025-12-04 07:18:04,548 - src.bot.middlewares - INFO - Request processed in 9.534s
2025-12-04 07:18:08,574 - src.bot.middlewares - INFO - Message received: user_id=436680563, chat_id=436680563, text=üé¨ –£–ª—É—á—à–∏—Ç—å –≤–∏–¥–µ–æ
2025-12-04 07:18:10,419 - src.bot.middlewares - INFO - Request processed in 1.846s
2025-12-04 07:18:12,855 - src.bot.middlewares - INFO - Message received: user_id=436680563, chat_id=436680563, text=<no text>
2025-12-04 07:18:14,608 - src.bot.middlewares - INFO - Request processed in 1.753s
2025-12-04 07:18:18,552 - src.bot.middlewares - INFO - Callback received: user_id=436680563, data=vid_model:proteus_4x
2025-12-04 07:18:19,972 - src.services.generation - INFO - Video task enqueued: task_id=13
2025-12-04 07:18:20,192 - src.bot.routers.video - INFO - Video task created: task_id=13, user=436680563, model=proteus_4x, cost=5
2025-12-04 07:18:20,192 - src.bot.middlewares - INFO - Request processed in 1.640s
2025-12-04 07:19:35,509 - src.web.server - INFO - Stopping bot...
2025-12-04 07:19:35,536 - src.web.server - INFO - Stopping bot...
2025-12-04 07:19:35,547 - src.web.server - INFO - Stopping bot...
2025-12-04 07:19:35,566 - src.web.server - INFO - Stopping bot...
2025-12-04 07:19:37,452 - src.web.server - INFO - Bot stopped
2025-12-04 07:19:37,473 - src.web.server - INFO - Bot stopped
2025-12-04 07:19:37,474 - src.web.server - INFO - Bot stopped
2025-12-04 07:19:37,573 - src.web.server - INFO - Bot stopped
2025-12-04 07:20:04,519 - src.web.server - INFO - Starting bot...
2025-12-04 07:20:04,519 - src.web.server - INFO - Starting bot...
2025-12-04 07:20:04,520 - src.web.server - INFO - Starting bot...
2025-12-04 07:20:04,520 - src.web.server - INFO - Starting bot...
2025-12-04 07:20:06,617 - src.web.server - INFO - Webhook set: https://9084bcfacdf7.ngrok-free.app/tg/webhook
2025-12-04 07:20:06,771 - src.web.server - WARNING - TelegramRetryAfter –ø—Ä–∏ set_webhook (retry_after=1). –ü—Ä–æ–ø—É—Å–∫–∞–µ–º —É—Å—Ç–∞–Ω–æ–≤–∫—É –≤–µ–±—Ö—É–∫–∞ –Ω–∞ —Å—Ç–∞—Ä—Ç–µ.
2025-12-04 07:20:06,771 - src.web.server - WARNING - TelegramRetryAfter –ø—Ä–∏ set_webhook (retry_after=1). –ü—Ä–æ–ø—É—Å–∫–∞–µ–º —É—Å—Ç–∞–Ω–æ–≤–∫—É –≤–µ–±—Ö—É–∫–∞ –Ω–∞ —Å—Ç–∞—Ä—Ç–µ.
2025-12-04 07:20:06,771 - src.web.server - WARNING - TelegramRetryAfter –ø—Ä–∏ set_webhook (retry_after=1). –ü—Ä–æ–ø—É—Å–∫–∞–µ–º —É—Å—Ç–∞–Ω–æ–≤–∫—É –≤–µ–±—Ö—É–∫–∞ –Ω–∞ —Å—Ç–∞—Ä—Ç–µ.
2025-12-04 07:20:34,291 - src.bot.middlewares - INFO - Message received: user_id=436680563, chat_id=436680563, text=üé¨ –£–ª—É—á—à–∏—Ç—å –≤–∏–¥–µ–æ
2025-12-04 07:20:47,020 - src.bot.middlewares - INFO - Request processed in 12.729s
2025-12-04 07:20:50,849 - src.bot.middlewares - INFO - Message received: user_id=436680563, chat_id=436680563, text=<no text>
2025-12-04 07:21:01,820 - src.bot.middlewares - INFO - Request processed in 10.971s
2025-12-04 07:21:42,030 - src.bot.middlewares - INFO - Message received: user_id=436680563, chat_id=436680563, text=üé¨ –£–ª—É—á—à–∏—Ç—å –≤–∏–¥–µ–æ
2025-12-04 07:21:52,720 - src.bot.middlewares - INFO - Request processed in 10.691s
2025-12-04 07:21:56,890 - src.bot.middlewares - INFO - Message received: user_id=436680563, chat_id=436680563, text=<no text>
2025-12-04 07:21:58,708 - src.bot.middlewares - INFO - Request processed in 1.817s
2025-12-04 07:30:48,625 - src.web.server - INFO - Stopping bot...
2025-12-04 07:30:48,630 - src.web.server - INFO - Stopping bot...
2025-12-04 07:30:48,632 - src.web.server - INFO - Stopping bot...
2025-12-04 07:30:48,657 - src.web.server - INFO - Stopping bot...
2025-12-04 07:30:50,422 - src.web.server - INFO - Bot stopped
2025-12-04 07:30:50,433 - src.web.server - INFO - Bot stopped
2025-12-04 07:30:50,435 - src.web.server - INFO - Bot stopped
2025-12-04 07:30:50,447 - src.web.server - INFO - Bot stopped
2025-12-04 07:31:15,995 - src.web.server - INFO - Starting bot...
2025-12-04 07:31:16,048 - src.web.server - INFO - Starting bot...
2025-12-04 07:31:16,077 - src.web.server - INFO - Starting bot...
2025-12-04 07:31:16,092 - src.web.server - INFO - Starting bot...
2025-12-04 07:31:16,964 - src.web.server - INFO - Webhook set: https://9084bcfacdf7.ngrok-free.app/tg/webhook
2025-12-04 07:31:16,978 - src.web.server - WARNING - TelegramRetryAfter –ø—Ä–∏ set_webhook (retry_after=1). –ü—Ä–æ–ø—É—Å–∫–∞–µ–º —É—Å—Ç–∞–Ω–æ–≤–∫—É –≤–µ–±—Ö—É–∫–∞ –Ω–∞ —Å—Ç–∞—Ä—Ç–µ.
2025-12-04 07:31:17,019 - src.web.server - WARNING - TelegramRetryAfter –ø—Ä–∏ set_webhook (retry_after=1). –ü—Ä–æ–ø—É—Å–∫–∞–µ–º —É—Å—Ç–∞–Ω–æ–≤–∫—É –≤–µ–±—Ö—É–∫–∞ –Ω–∞ —Å—Ç–∞—Ä—Ç–µ.
2025-12-04 07:31:17,078 - src.web.server - WARNING - TelegramRetryAfter –ø—Ä–∏ set_webhook (retry_after=1). –ü—Ä–æ–ø—É—Å–∫–∞–µ–º —É—Å—Ç–∞–Ω–æ–≤–∫—É –≤–µ–±—Ö—É–∫–∞ –Ω–∞ —Å—Ç–∞—Ä—Ç–µ.
2025-12-04 07:31:17,444 - src.bot.middlewares - INFO - Message received: user_id=436680563, chat_id=436680563, text=üé¨ –£–ª—É—á—à–∏—Ç—å –≤–∏–¥–µ–æ
2025-12-04 07:31:24,876 - src.bot.middlewares - INFO - Request processed in 7.432s
2025-12-04 07:31:25,093 - src.bot.middlewares - INFO - Message received: user_id=436680563, chat_id=436680563, text=üé¨ –£–ª—É—á—à–∏—Ç—å –≤–∏–¥–µ–æ
2025-12-04 07:31:26,214 - src.bot.middlewares - INFO - Request processed in 1.121s
2025-12-04 07:31:27,353 - src.bot.middlewares - INFO - Message received: user_id=436680563, chat_id=436680563, text=<no text>
2025-12-04 07:31:28,478 - src.bot.middlewares - INFO - Request processed in 1.125s
2025-12-04 07:31:29,449 - src.bot.middlewares - INFO - Callback received: user_id=436680563, data=vid_model:proteus_4x
2025-12-04 07:31:30,587 - src.services.users - INFO - Credits deducted: user_id=1, amount=5, old_balance=4028.5, new_balance=4023.5, description=–†–µ–∑–µ—Ä–≤: –æ–±—Ä–∞–±–æ—Ç–∫–∞ –≤–∏–¥–µ–æ (proteus_4x)
2025-12-04 07:31:31,933 - src.services.generation - INFO - Video task enqueued: task_id=14
2025-12-04 07:31:32,149 - src.bot.routers.video - INFO - Video task created: task_id=14, user=436680563, model=proteus_4x, cost=5, balance_reserved=True
2025-12-04 07:31:32,151 - src.bot.middlewares - INFO - Request processed in 2.703s
2025-12-04 07:35:30,377 - src.web.server - INFO - Stopping bot...
2025-12-04 07:35:30,379 - src.web.server - INFO - Stopping bot...
2025-12-04 07:35:30,407 - src.web.server - INFO - Stopping bot...
2025-12-04 07:35:30,417 - src.web.server - INFO - Stopping bot...
2025-12-04 07:35:31,254 - src.web.server - INFO - Bot stopped
2025-12-04 07:35:31,260 - src.web.server - INFO - Bot stopped
2025-12-04 07:35:31,269 - src.web.server - INFO - Bot stopped
2025-12-04 07:35:31,348 - src.web.server - INFO - Bot stopped
2025-12-04 07:35:56,494 - src.web.server - INFO - Starting bot...
2025-12-04 07:35:56,494 - src.web.server - INFO - Starting bot...
2025-12-04 07:35:56,494 - src.web.server - INFO - Starting bot...
2025-12-04 07:35:56,577 - src.web.server - INFO - Starting bot...
2025-12-04 07:35:57,853 - src.web.server - INFO - Webhook set: https://9084bcfacdf7.ngrok-free.app/tg/webhook
2025-12-04 07:35:57,860 - src.web.server - WARNING - TelegramRetryAfter –ø—Ä–∏ set_webhook (retry_after=1). –ü—Ä–æ–ø—É—Å–∫–∞–µ–º —É—Å—Ç–∞–Ω–æ–≤–∫—É –≤–µ–±—Ö—É–∫–∞ –Ω–∞ —Å—Ç–∞—Ä—Ç–µ.
2025-12-04 07:35:57,875 - src.web.server - WARNING - TelegramRetryAfter –ø—Ä–∏ set_webhook (retry_after=1). –ü—Ä–æ–ø—É—Å–∫–∞–µ–º —É—Å—Ç–∞–Ω–æ–≤–∫—É –≤–µ–±—Ö—É–∫–∞ –Ω–∞ —Å—Ç–∞—Ä—Ç–µ.
2025-12-04 07:35:58,066 - src.web.server - WARNING - TelegramRetryAfter –ø—Ä–∏ set_webhook (retry_after=1). –ü—Ä–æ–ø—É—Å–∫–∞–µ–º —É—Å—Ç–∞–Ω–æ–≤–∫—É –≤–µ–±—Ö—É–∫–∞ –Ω–∞ —Å—Ç–∞—Ä—Ç–µ.
2025-12-04 07:36:21,304 - src.bot.middlewares - INFO - Message received: user_id=436680563, chat_id=436680563, text=üé¨ –£–ª—É—á—à–∏—Ç—å –≤–∏–¥–µ–æ
2025-12-04 07:36:28,712 - src.bot.middlewares - INFO - Request processed in 7.408s
2025-12-04 07:36:31,993 - src.bot.middlewares - INFO - Message received: user_id=436680563, chat_id=436680563, text=<no text>
2025-12-04 07:36:33,742 - src.bot.middlewares - INFO - Request processed in 1.749s
2025-12-04 07:36:34,321 - src.bot.middlewares - INFO - Callback received: user_id=436680563, data=vid_model:proteus_4x
2025-12-04 07:36:35,517 - src.services.users - INFO - Credits deducted: user_id=1, amount=5, old_balance=4028.5, new_balance=4023.5, description=–†–µ–∑–µ—Ä–≤: –æ–±—Ä–∞–±–æ—Ç–∫–∞ –≤–∏–¥–µ–æ (proteus_4x)
2025-12-04 07:36:36,236 - src.services.generation - INFO - Video task enqueued: task_id=15
2025-12-04 07:36:36,446 - src.bot.routers.video - INFO - Video task created: task_id=15, user=436680563, model=proteus_4x, cost=5, balance_reserved=True
2025-12-04 07:36:36,447 - src.bot.middlewares - INFO - Request processed in 2.126s
2025-12-04 07:39:49,492 - src.web.server - INFO - Stopping bot...
2025-12-04 07:39:49,492 - src.web.server - INFO - Stopping bot...
2025-12-04 07:39:49,501 - src.web.server - INFO - Stopping bot...
2025-12-04 07:39:49,504 - src.web.server - INFO - Stopping bot...
2025-12-04 07:39:50,969 - src.web.server - INFO - Bot stopped
2025-12-04 07:39:50,970 - src.web.server - INFO - Bot stopped
2025-12-04 07:39:50,977 - src.web.server - INFO - Bot stopped
2025-12-04 07:39:51,003 - src.web.server - INFO - Bot stopped
2025-12-04 07:40:15,985 - src.web.server - INFO - Starting bot...
2025-12-04 07:40:15,985 - src.web.server - INFO - Starting bot...
2025-12-04 07:40:15,985 - src.web.server - INFO - Starting bot...
2025-12-04 07:40:16,063 - src.web.server - INFO - Starting bot...
2025-12-04 07:40:16,936 - src.web.server - INFO - Webhook set: https://9084bcfacdf7.ngrok-free.app/tg/webhook
2025-12-04 07:40:16,964 - src.web.server - WARNING - TelegramRetryAfter –ø—Ä–∏ set_webhook (retry_after=1). –ü—Ä–æ–ø—É—Å–∫–∞–µ–º —É—Å—Ç–∞–Ω–æ–≤–∫—É –≤–µ–±—Ö—É–∫–∞ –Ω–∞ —Å—Ç–∞—Ä—Ç–µ.
2025-12-04 07:40:17,014 - src.web.server - WARNING - TelegramRetryAfter –ø—Ä–∏ set_webhook (retry_after=1). –ü—Ä–æ–ø—É—Å–∫–∞–µ–º —É—Å—Ç–∞–Ω–æ–≤–∫—É –≤–µ–±—Ö—É–∫–∞ –Ω–∞ —Å—Ç–∞—Ä—Ç–µ.
2025-12-04 07:40:17,014 - src.web.server - WARNING - TelegramRetryAfter –ø—Ä–∏ set_webhook (retry_after=1). –ü—Ä–æ–ø—É—Å–∫–∞–µ–º —É—Å—Ç–∞–Ω–æ–≤–∫—É –≤–µ–±—Ö—É–∫–∞ –Ω–∞ —Å—Ç–∞—Ä—Ç–µ.
2025-12-04 07:40:30,526 - src.bot.middlewares - INFO - Message received: user_id=436680563, chat_id=436680563, text=üé¨ –£–ª—É—á—à–∏—Ç—å –≤–∏–¥–µ–æ
2025-12-04 07:40:39,349 - src.bot.middlewares - INFO - Request processed in 8.822s
2025-12-04 07:40:42,853 - src.bot.middlewares - INFO - Message received: user_id=436680563, chat_id=436680563, text=<no text>
2025-12-04 07:40:49,900 - src.bot.middlewares - INFO - Request processed in 7.047s
2025-12-04 07:40:50,904 - src.bot.middlewares - INFO - Callback received: user_id=436680563, data=vid_model:proteus_4x
2025-12-04 07:40:52,097 - src.services.users - INFO - Credits deducted: user_id=1, amount=5, old_balance=4028.5, new_balance=4023.5, description=–†–µ–∑–µ—Ä–≤: –æ–±—Ä–∞–±–æ—Ç–∫–∞ –≤–∏–¥–µ–æ (proteus_4x)
2025-12-04 07:40:52,841 - src.services.generation - INFO - Video task enqueued: task_id=16
2025-12-04 07:40:53,065 - src.bot.routers.video - INFO - Video task created: task_id=16, user=436680563, model=proteus_4x, cost=5, balance_reserved=True
2025-12-04 07:40:53,066 - src.bot.middlewares - INFO - Request processed in 2.162s
2025-12-04 07:42:23,435 - src.bot.middlewares - INFO - Message received: user_id=436680563, chat_id=436680563, text=üé¨ –£–ª—É—á—à–∏—Ç—å –≤–∏–¥–µ–æ
2025-12-04 07:42:25,026 - src.bot.middlewares - INFO - Request processed in 1.591s
2025-12-04 07:42:29,665 - src.bot.middlewares - INFO - Message received: user_id=436680563, chat_id=436680563, text=<no text>
2025-12-04 07:42:38,950 - src.bot.middlewares - INFO - Request processed in 9.285s
2025-12-04 07:42:44,043 - src.bot.middlewares - INFO - Callback received: user_id=436680563, data=vid_model:apollo_60fps
2025-12-04 07:42:45,196 - src.services.users - INFO - Credits deducted: user_id=1, amount=6, old_balance=4023.5, new_balance=4017.5, description=–†–µ–∑–µ—Ä–≤: –æ–±—Ä–∞–±–æ—Ç–∫–∞ –≤–∏–¥–µ–æ (apollo_60fps)
2025-12-04 07:42:47,057 - src.services.generation - INFO - Video task enqueued: task_id=17
2025-12-04 07:42:47,281 - src.bot.routers.video - INFO - Video task created: task_id=17, user=436680563, model=apollo_60fps, cost=6, balance_reserved=True
2025-12-04 07:42:47,282 - src.bot.middlewares - INFO - Request processed in 3.239s
2025-12-04 07:44:53,493 - src.bot.middlewares - INFO - Message received: user_id=436680563, chat_id=436680563, text=‚ÑπÔ∏è –ü–æ–º–æ—â—å
2025-12-04 07:44:55,232 - src.bot.middlewares - INFO - Request processed in 1.739s
2025-12-04 07:45:08,230 - src.bot.middlewares - INFO - Message received: user_id=436680563, chat_id=436680563, text=üì∏ –£–ª—É—á—à–∏—Ç—å —Ñ–æ—Ç–æ
2025-12-04 07:45:10,070 - src.bot.middlewares - INFO - Request processed in 1.840s
2025-12-04 07:45:20,315 - src.bot.middlewares - INFO - Message received: user_id=436680563, chat_id=436680563, text=<no text>
2025-12-04 07:45:21,522 - src.bot.middlewares - INFO - Request processed in 1.207s
2025-12-04 07:45:40,915 - src.bot.middlewares - INFO - Callback received: user_id=436680563, data=img_model:enhance_high_fidelity
2025-12-04 07:45:49,809 - src.services.users - INFO - Credits deducted: user_id=1, amount=1.5, old_balance=4017.5, new_balance=4016.0, description=–†–µ–∑–µ—Ä–≤: –æ–±—Ä–∞–±–æ—Ç–∫–∞ —Ñ–æ—Ç–æ (enhance_high_fidelity)
2025-12-04 07:45:51,268 - src.services.generation - INFO - Image task enqueued: task_id=18
2025-12-04 07:45:51,624 - src.bot.routers.image - INFO - Image task created: task_id=18, user=436680563, model=enhance_high_fidelity, balance_reserved=True
2025-12-04 07:45:51,625 - src.bot.middlewares - INFO - Request processed in 10.711s
2025-12-04 07:50:52,611 - src.bot.middlewares - INFO - Message received: user_id=436680563, chat_id=436680563, text=/start
2025-12-04 07:50:54,386 - src.bot.middlewares - INFO - Request processed in 1.775s
2025-12-04 07:50:55,305 - src.bot.middlewares - INFO - Message received: user_id=436680563, chat_id=436680563, text=üé¨ –£–ª—É—á—à–∏—Ç—å –≤–∏–¥–µ–æ
2025-12-04 07:50:56,499 - src.bot.middlewares - INFO - Request processed in 1.194s
2025-12-04 07:50:59,381 - src.bot.middlewares - INFO - Message received: user_id=436680563, chat_id=436680563, text=<no text>
2025-12-04 07:51:01,092 - src.bot.middlewares - INFO - Request processed in 1.711s
2025-12-04 07:51:09,448 - src.bot.middlewares - INFO - Callback received: user_id=436680563, data=vid_model:artemis_denoise
2025-12-04 07:51:10,634 - src.services.users - INFO - Credits deducted: user_id=1, amount=4, old_balance=4016.0, new_balance=4012.0, description=–†–µ–∑–µ—Ä–≤: –æ–±—Ä–∞–±–æ—Ç–∫–∞ –≤–∏–¥–µ–æ (artemis_denoise)
2025-12-04 07:51:11,351 - src.services.generation - INFO - Video task enqueued: task_id=19
2025-12-04 07:51:11,574 - src.bot.routers.video - INFO - Video task created: task_id=19, user=436680563, model=artemis_denoise, cost=4, balance_reserved=True
2025-12-04 07:51:11,576 - src.bot.middlewares - INFO - Request processed in 2.128s
2025-12-04 07:52:35,991 - src.bot.middlewares - INFO - Message received: user_id=436680563, chat_id=436680563, text=/start
2025-12-04 07:52:38,251 - src.bot.middlewares - INFO - Request processed in 2.260s
2025-12-04 07:52:38,542 - src.bot.middlewares - INFO - Message received: user_id=436680563, chat_id=436680563, text=üì∏ –£–ª—É—á—à–∏—Ç—å —Ñ–æ—Ç–æ
2025-12-04 07:52:39,718 - src.bot.middlewares - INFO - Request processed in 1.176s
2025-12-04 07:52:45,788 - src.bot.middlewares - INFO - Message received: user_id=436680563, chat_id=436680563, text=<no text>
2025-12-04 07:52:46,955 - src.bot.middlewares - INFO - Request processed in 1.167s
2025-12-04 07:52:52,334 - src.bot.middlewares - INFO - Callback received: user_id=436680563, data=img_model:enhance_redefine
2025-12-04 07:52:53,502 - src.services.users - INFO - Credits deducted: user_id=1, amount=3.0, old_balance=4012.0, new_balance=4009.0, description=–†–µ–∑–µ—Ä–≤: –æ–±—Ä–∞–±–æ—Ç–∫–∞ —Ñ–æ—Ç–æ (enhance_redefine)
2025-12-04 07:52:55,445 - src.services.generation - INFO - Image task enqueued: task_id=20
2025-12-04 07:52:55,934 - src.bot.routers.image - INFO - Image task created: task_id=20, user=436680563, model=enhance_redefine, balance_reserved=True
2025-12-04 07:52:55,935 - src.bot.middlewares - INFO - Request processed in 3.600s
2025-12-04 07:53:05,282 - src.bot.middlewares - INFO - Message received: user_id=436680563, chat_id=436680563, text=üì∏ –£–ª—É—á—à–∏—Ç—å —Ñ–æ—Ç–æ
2025-12-04 07:53:07,028 - telegram_safe - ERROR - Telegram API error: chat_id=436680563, error=HTTP Client says - ClientConnectorError: Cannot connect to host api.telegram.org:443 ssl:default [None]
2025-12-04 07:53:07,495 - src.bot.middlewares - INFO - Request processed in 2.214s
2025-12-04 07:53:39,028 - src.bot.middlewares - INFO - Message received: user_id=436680563, chat_id=436680563, text=üì∏ –£–ª—É—á—à–∏—Ç—å —Ñ–æ—Ç–æ
2025-12-04 07:53:41,400 - src.bot.middlewares - INFO - Request processed in 2.372s
2025-12-04 07:53:45,821 - src.bot.middlewares - INFO - Message received: user_id=436680563, chat_id=436680563, text=<no text>
2025-12-04 07:53:48,491 - src.bot.middlewares - INFO - Request processed in 2.670s
2025-12-04 07:53:49,271 - src.bot.middlewares - INFO - Callback received: user_id=436680563, data=img_model:enhance_standard
2025-12-04 07:53:50,426 - src.services.users - INFO - Credits deducted: user_id=1, amount=1.0, old_balance=4012.0, new_balance=4011.0, description=–†–µ–∑–µ—Ä–≤: –æ–±—Ä–∞–±–æ—Ç–∫–∞ —Ñ–æ—Ç–æ (enhance_standard)
2025-12-04 07:53:51,319 - src.services.generation - INFO - Image task enqueued: task_id=21
2025-12-04 07:53:51,726 - src.bot.routers.image - INFO - Image task created: task_id=21, user=436680563, model=enhance_standard, balance_reserved=True
2025-12-04 07:53:51,727 - src.bot.middlewares - INFO - Request processed in 2.456s
2025-12-04 07:55:11,712 - src.bot.middlewares - INFO - Message received: user_id=436680563, chat_id=436680563, text=üì∏ –£–ª—É—á—à–∏—Ç—å —Ñ–æ—Ç–æ
2025-12-04 07:55:13,110 - telegram_safe - ERROR - Telegram API error: chat_id=436680563, error=HTTP Client says - ClientConnectorError: Cannot connect to host api.telegram.org:443 ssl:default [None]
2025-12-04 07:55:13,576 - src.bot.middlewares - INFO - Request processed in 1.865s
2025-12-04 07:55:20,210 - src.bot.middlewares - INFO - Message received: user_id=436680563, chat_id=436680563, text=üé¨ –£–ª—É—á—à–∏—Ç—å –≤–∏–¥–µ–æ
2025-12-04 07:55:22,776 - src.bot.middlewares - INFO - Request processed in 2.566s
2025-12-04 07:55:26,150 - src.bot.middlewares - INFO - Message received: user_id=436680563, chat_id=436680563, text=üé¨ –£–ª—É—á—à–∏—Ç—å –≤–∏–¥–µ–æ
2025-12-04 07:55:28,428 - src.bot.middlewares - INFO - Request processed in 2.279s
2025-12-04 07:55:36,454 - src.bot.middlewares - INFO - Message received: user_id=436680563, chat_id=436680563, text=<no text>
2025-12-04 07:55:37,608 - src.bot.middlewares - INFO - Request processed in 1.154s
2025-12-04 07:55:44,996 - src.bot.middlewares - INFO - Callback received: user_id=436680563, data=img_model:sharpen_standard
2025-12-04 07:55:46,185 - src.services.users - INFO - Credits deducted: user_id=1, amount=1.0, old_balance=4011.0, new_balance=4010.0, description=–†–µ–∑–µ—Ä–≤: –æ–±—Ä–∞–±–æ—Ç–∫–∞ —Ñ–æ—Ç–æ (sharpen_standard)
2025-12-04 07:55:47,749 - src.services.generation - INFO - Image task enqueued: task_id=22
2025-12-04 07:55:47,966 - src.bot.routers.image - INFO - Image task created: task_id=22, user=436680563, model=sharpen_standard, balance_reserved=True
2025-12-04 07:55:47,968 - src.bot.middlewares - INFO - Request processed in 2.972s
2025-12-04 07:56:03,415 - src.bot.middlewares - INFO - Message received: user_id=436680563, chat_id=436680563, text=üé¨ –£–ª—É—á—à–∏—Ç—å –≤–∏–¥–µ–æ
2025-12-04 07:56:05,514 - src.bot.middlewares - INFO - Request processed in 2.099s
2025-12-04 07:56:15,412 - src.bot.middlewares - INFO - Message received: user_id=436680563, chat_id=436680563, text=üé¨ –£–ª—É—á—à–∏—Ç—å –≤–∏–¥–µ–æ
2025-12-04 07:56:17,282 - src.bot.middlewares - INFO - Request processed in 1.871s
2025-12-04 07:58:31,360 - src.bot.middlewares - INFO - Message received: user_id=436680563, chat_id=436680563, text=<no text>
2025-12-04 07:58:34,104 - src.bot.middlewares - INFO - Request processed in 2.744s
2025-12-04 07:58:34,744 - src.bot.middlewares - INFO - Callback received: user_id=436680563, data=vid_model:proteus_4x
2025-12-04 07:58:36,566 - src.services.users - INFO - Credits deducted: user_id=1, amount=5, old_balance=4010.0, new_balance=4005.0, description=–†–µ–∑–µ—Ä–≤: –æ–±—Ä–∞–±–æ—Ç–∫–∞ –≤–∏–¥–µ–æ (proteus_4x)
2025-12-04 07:58:37,293 - src.services.generation - INFO - Video task enqueued: task_id=23
2025-12-04 07:58:37,547 - src.bot.routers.video - INFO - Video task created: task_id=23, user=436680563, model=proteus_4x, cost=5, balance_reserved=True
2025-12-04 07:58:37,551 - src.bot.middlewares - INFO - Request processed in 2.807s
2025-12-04 08:00:08,836 - src.bot.middlewares - INFO - Message received: user_id=436680563, chat_id=436680563, text=üé¨ –£–ª—É—á—à–∏—Ç—å –≤–∏–¥–µ–æ
2025-12-04 08:00:11,476 - src.bot.middlewares - INFO - Request processed in 2.640s
2025-12-04 08:00:17,410 - src.bot.middlewares - INFO - Message received: user_id=436680563, chat_id=436680563, text=<no text>
2025-12-04 08:00:18,694 - src.bot.middlewares - INFO - Request processed in 1.284s
2025-12-04 08:00:20,284 - src.bot.middlewares - INFO - Callback received: user_id=436680563, data=vid_model:nyx_denoise
2025-12-04 08:00:21,464 - src.services.users - INFO - Credits deducted: user_id=1, amount=3, old_balance=4005.0, new_balance=4002.0, description=–†–µ–∑–µ—Ä–≤: –æ–±—Ä–∞–±–æ—Ç–∫–∞ –≤–∏–¥–µ–æ (nyx_denoise)
2025-12-04 08:00:22,216 - src.services.generation - INFO - Video task enqueued: task_id=24
2025-12-04 08:00:22,430 - src.bot.routers.video - INFO - Video task created: task_id=24, user=436680563, model=nyx_denoise, cost=3, balance_reserved=True
2025-12-04 08:00:22,431 - src.bot.middlewares - INFO - Request processed in 2.148s
2025-12-04 09:32:40,285 - src.web.server - INFO - Starting bot...
2025-12-04 09:32:40,285 - src.web.server - INFO - Starting bot...
2025-12-04 09:32:40,285 - src.web.server - INFO - Starting bot...
2025-12-04 09:32:40,285 - src.web.server - INFO - Starting bot...
2025-12-04 09:32:42,160 - src.web.server - WARNING - TelegramRetryAfter –ø—Ä–∏ set_webhook (retry_after=1). –ü—Ä–æ–ø—É—Å–∫–∞–µ–º —É—Å—Ç–∞–Ω–æ–≤–∫—É –≤–µ–±—Ö—É–∫–∞ –Ω–∞ —Å—Ç–∞—Ä—Ç–µ.
2025-12-04 09:32:42,167 - src.web.server - INFO - Webhook set: https://9084bcfacdf7.ngrok-free.app/tg/webhook
2025-12-04 09:32:42,403 - src.web.server - WARNING - TelegramRetryAfter –ø—Ä–∏ set_webhook (retry_after=1). –ü—Ä–æ–ø—É—Å–∫–∞–µ–º —É—Å—Ç–∞–Ω–æ–≤–∫—É –≤–µ–±—Ö—É–∫–∞ –Ω–∞ —Å—Ç–∞—Ä—Ç–µ.
2025-12-04 09:32:42,404 - src.web.server - WARNING - TelegramRetryAfter –ø—Ä–∏ set_webhook (retry_after=1). –ü—Ä–æ–ø—É—Å–∫–∞–µ–º —É—Å—Ç–∞–Ω–æ–≤–∫—É –≤–µ–±—Ö—É–∫–∞ –Ω–∞ —Å—Ç–∞—Ä—Ç–µ.
